{"C:\\Users\\97250\\Desktop\\Travel Easily Server\\src\\app.ts": {"path":"C:\\Users\\97250\\Desktop\\Travel Easily Server\\src\\app.ts","statementMap":{"0":{"start":{"line":1,"column":0},"end":{"line":1,"column":30}},"1":{"start":{"line":2,"column":12},"end":{"line":2,"column":21}},"2":{"start":{"line":3,"column":0},"end":{"line":3,"column":28}},"3":{"start":{"line":4,"column":0},"end":{"line":4,"column":16}},"4":{"start":{"line":5,"column":0},"end":{"line":5,"column":32}},"5":{"start":{"line":6,"column":0},"end":{"line":6,"column":37}},"6":{"start":{"line":7,"column":0},"end":{"line":7,"column":46}},"7":{"start":{"line":8,"column":0},"end":{"line":8,"column":44}},"8":{"start":{"line":9,"column":0},"end":{"line":9,"column":24}},"9":{"start":{"line":10,"column":0},"end":{"line":10,"column":44}},"10":{"start":{"line":11,"column":0},"end":{"line":11,"column":44}},"11":{"start":{"line":12,"column":0},"end":{"line":12,"column":16}},"12":{"start":{"line":15,"column":2},"end":{"line":17,"column":24}},"13":{"start":{"line":20,"column":0},"end":{"line":20,"column":24}},"14":{"start":{"line":21,"column":11},"end":{"line":21,"column":30}},"15":{"start":{"line":22,"column":0},"end":{"line":22,"column":48}},"16":{"start":{"line":22,"column":26},"end":{"line":22,"column":46}},"17":{"start":{"line":23,"column":0},"end":{"line":27,"column":2}},"18":{"start":{"line":24,"column":2},"end":{"line":25,"column":null}},"19":{"start":{"line":29,"column":0},"end":{"line":29,"column":27}},"20":{"start":{"line":30,"column":0},"end":{"line":30,"column":51}},"21":{"start":{"line":31,"column":0},"end":{"line":31,"column":30}},"22":{"start":{"line":32,"column":0},"end":{"line":32,"column":28}},"23":{"start":{"line":33,"column":0},"end":{"line":33,"column":28}},"24":{"start":{"line":34,"column":0},"end":{"line":34,"column":29}},"25":{"start":{"line":35,"column":0},"end":{"line":35,"column":45}},"26":{"start":{"line":36,"column":0},"end":{"line":36,"column":19}}},"fnMap":{"0":{"name":"(anonymous_1)","decl":{"start":{"line":22,"column":15},"end":{"line":22,"column":16}},"loc":{"start":{"line":22,"column":26},"end":{"line":22,"column":46}}},"1":{"name":"(anonymous_2)","decl":{"start":{"line":23,"column":16},"end":{"line":23,"column":19}},"loc":{"start":{"line":24,"column":2},"end":{"line":25,"column":null}}}},"branchMap":{"0":{"loc":{"start":{"line":15,"column":2},"end":{"line":17,"column":24}},"type":"cond-expr","locations":[{"start":{"line":16,"column":6},"end":{"line":16,"column":29}},{"start":{"line":17,"column":6},"end":{"line":17,"column":24}}]},"1":{"loc":{"start":{"line":25,"column":20},"end":{"line":25,"column":66}},"type":"cond-expr","locations":[{"start":{"line":25,"column":54},"end":{"line":25,"column":61}},{"start":{"line":25,"column":64},"end":{"line":25,"column":66}}]}},"s":{"0":1,"1":1,"2":1,"3":1,"4":1,"5":1,"6":1,"7":1,"8":1,"9":1,"10":1,"11":1,"12":1,"13":1,"14":1,"15":1,"16":0,"17":1,"18":1,"19":1,"20":1,"21":1,"22":1,"23":1,"24":1,"25":1,"26":1},"f":{"0":0,"1":1},"b":{"0":[1,0],"1":[1,0]}}
,"C:\\Users\\97250\\Desktop\\Travel Easily Server\\src\\common\\auth_middleware.ts": {"path":"C:\\Users\\97250\\Desktop\\Travel Easily Server\\src\\common\\auth_middleware.ts","statementMap":{"0":{"start":{"line":1,"column":0},"end":{"line":1,"column":31}},"1":{"start":{"line":8,"column":23},"end":{"line":27,"column":1}},"2":{"start":{"line":13,"column":21},"end":{"line":13,"column":48}},"3":{"start":{"line":14,"column":16},"end":{"line":14,"column":54}},"4":{"start":{"line":16,"column":2},"end":{"line":18,"column":3}},"5":{"start":{"line":17,"column":4},"end":{"line":17,"column":49}},"6":{"start":{"line":20,"column":2},"end":{"line":26,"column":3}},"7":{"start":{"line":21,"column":21},"end":{"line":21,"column":62}},"8":{"start":{"line":22,"column":4},"end":{"line":22,"column":24}},"9":{"start":{"line":23,"column":4},"end":{"line":23,"column":11}},"10":{"start":{"line":25,"column":4},"end":{"line":25,"column":52}},"11":{"start":{"line":28,"column":0},"end":{"line":28,"column":30}}},"fnMap":{"0":{"name":"(anonymous_1)","decl":{"start":{"line":8,"column":23},"end":{"line":8,"column":null}},"loc":{"start":{"line":12,"column":4},"end":{"line":27,"column":1}}}},"branchMap":{"0":{"loc":{"start":{"line":14,"column":16},"end":{"line":14,"column":54}},"type":"binary-expr","locations":[{"start":{"line":14,"column":16},"end":{"line":14,"column":26}},{"start":{"line":14,"column":30},"end":{"line":14,"column":54}}]},"1":{"loc":{"start":{"line":16,"column":2},"end":{"line":18,"column":3}},"type":"if","locations":[{"start":{"line":16,"column":2},"end":{"line":18,"column":3}}]}},"s":{"0":1,"1":1,"2":3,"3":3,"4":3,"5":0,"6":3,"7":3,"8":3,"9":3,"10":0,"11":1},"f":{"0":3},"b":{"0":[3,3],"1":[0]}}
,"C:\\Users\\97250\\Desktop\\Travel Easily Server\\src\\controllers\\auth_controller.ts": {"path":"C:\\Users\\97250\\Desktop\\Travel Easily Server\\src\\controllers\\auth_controller.ts","statementMap":{"0":{"start":{"line":2,"column":0},"end":{"line":2,"column":58}},"1":{"start":{"line":3,"column":0},"end":{"line":3,"column":28}},"2":{"start":{"line":4,"column":0},"end":{"line":4,"column":31}},"3":{"start":{"line":7,"column":17},"end":{"line":40,"column":2}},"4":{"start":{"line":7,"column":59},"end":{"line":40,"column":2}},"5":{"start":{"line":8,"column":2},"end":{"line":8,"column":26}},"6":{"start":{"line":9,"column":16},"end":{"line":9,"column":30}},"7":{"start":{"line":10,"column":19},"end":{"line":10,"column":36}},"8":{"start":{"line":11,"column":19},"end":{"line":11,"column":36}},"9":{"start":{"line":12,"column":17},"end":{"line":12,"column":32}},"10":{"start":{"line":14,"column":2},"end":{"line":16,"column":3}},"11":{"start":{"line":15,"column":4},"end":{"line":15,"column":73}},"12":{"start":{"line":18,"column":2},"end":{"line":25,"column":3}},"13":{"start":{"line":19,"column":22},"end":{"line":19,"column":63}},"14":{"start":{"line":20,"column":4},"end":{"line":22,"column":5}},"15":{"start":{"line":21,"column":6},"end":{"line":21,"column":52}},"16":{"start":{"line":24,"column":4},"end":{"line":24,"column":41}},"17":{"start":{"line":27,"column":2},"end":{"line":39,"column":3}},"18":{"start":{"line":28,"column":17},"end":{"line":28,"column":39}},"19":{"start":{"line":29,"column":27},"end":{"line":29,"column":60}},"20":{"start":{"line":30,"column":17},"end":{"line":35,"column":6}},"21":{"start":{"line":36,"column":4},"end":{"line":36,"column":31}},"22":{"start":{"line":38,"column":4},"end":{"line":38,"column":41}},"23":{"start":{"line":42,"column":14},"end":{"line":97,"column":2}},"24":{"start":{"line":42,"column":56},"end":{"line":97,"column":2}},"25":{"start":{"line":43,"column":2},"end":{"line":43,"column":23}},"26":{"start":{"line":44,"column":16},"end":{"line":44,"column":30}},"27":{"start":{"line":45,"column":19},"end":{"line":45,"column":36}},"28":{"start":{"line":47,"column":2},"end":{"line":49,"column":3}},"29":{"start":{"line":48,"column":4},"end":{"line":48,"column":61}},"30":{"start":{"line":51,"column":2},"end":{"line":96,"column":3}},"31":{"start":{"line":52,"column":17},"end":{"line":52,"column":58}},"32":{"start":{"line":53,"column":4},"end":{"line":55,"column":5}},"33":{"start":{"line":54,"column":6},"end":{"line":54,"column":59}},"34":{"start":{"line":57,"column":20},"end":{"line":57,"column":65}},"35":{"start":{"line":58,"column":4},"end":{"line":60,"column":5}},"36":{"start":{"line":59,"column":6},"end":{"line":59,"column":59}},"37":{"start":{"line":64,"column":24},"end":{"line":67,"column":null}},"38":{"start":{"line":71,"column":25},"end":{"line":73,"column":null}},"39":{"start":{"line":76,"column":21},"end":{"line":76,"column":34}},"40":{"start":{"line":77,"column":19},"end":{"line":77,"column":30}},"41":{"start":{"line":78,"column":19},"end":{"line":78,"column":27}},"42":{"start":{"line":81,"column":4},"end":{"line":85,"column":5}},"43":{"start":{"line":82,"column":6},"end":{"line":82,"column":35}},"44":{"start":{"line":84,"column":6},"end":{"line":84,"column":37}},"45":{"start":{"line":86,"column":4},"end":{"line":86,"column":22}},"46":{"start":{"line":87,"column":4},"end":{"line":93,"column":7}},"47":{"start":{"line":95,"column":4},"end":{"line":95,"column":48}},"48":{"start":{"line":99,"column":16},"end":{"line":139,"column":2}},"49":{"start":{"line":99,"column":58},"end":{"line":139,"column":2}},"50":{"start":{"line":100,"column":21},"end":{"line":100,"column":49}},"51":{"start":{"line":101,"column":23},"end":{"line":101,"column":61}},"52":{"start":{"line":102,"column":2},"end":{"line":102,"column":55}},"53":{"start":{"line":102,"column":28},"end":{"line":102,"column":55}},"54":{"start":{"line":103,"column":2},"end":{"line":138,"column":4}},"55":{"start":{"line":106,"column":41},"end":{"line":137,"column":null}},"56":{"start":{"line":107,"column":6},"end":{"line":110,"column":7}},"57":{"start":{"line":108,"column":8},"end":{"line":108,"column":25}},"58":{"start":{"line":109,"column":8},"end":{"line":109,"column":35}},"59":{"start":{"line":111,"column":6},"end":{"line":136,"column":7}},"60":{"start":{"line":112,"column":23},"end":{"line":112,"column":65}},"61":{"start":{"line":113,"column":8},"end":{"line":117,"column":9}},"62":{"start":{"line":114,"column":10},"end":{"line":114,"column":29}},"63":{"start":{"line":115,"column":10},"end":{"line":115,"column":30}},"64":{"start":{"line":116,"column":10},"end":{"line":116,"column":37}},"65":{"start":{"line":118,"column":28},"end":{"line":121,"column":null}},"66":{"start":{"line":123,"column":32},"end":{"line":125,"column":null}},"67":{"start":{"line":127,"column":8},"end":{"line":127,"column":80}},"68":{"start":{"line":127,"column":56},"end":{"line":127,"column":78}},"69":{"start":{"line":128,"column":8},"end":{"line":128,"column":44}},"70":{"start":{"line":129,"column":8},"end":{"line":129,"column":28}},"71":{"start":{"line":130,"column":8},"end":{"line":133,"column":11}},"72":{"start":{"line":135,"column":8},"end":{"line":135,"column":46}},"73":{"start":{"line":141,"column":15},"end":{"line":168,"column":2}},"74":{"start":{"line":141,"column":57},"end":{"line":168,"column":2}},"75":{"start":{"line":142,"column":21},"end":{"line":142,"column":49}},"76":{"start":{"line":143,"column":23},"end":{"line":143,"column":61}},"77":{"start":{"line":144,"column":2},"end":{"line":144,"column":55}},"78":{"start":{"line":144,"column":28},"end":{"line":144,"column":55}},"79":{"start":{"line":145,"column":2},"end":{"line":167,"column":4}},"80":{"start":{"line":148,"column":41},"end":{"line":166,"column":null}},"81":{"start":{"line":149,"column":6},"end":{"line":149,"column":42}},"82":{"start":{"line":149,"column":15},"end":{"line":149,"column":42}},"83":{"start":{"line":151,"column":6},"end":{"line":165,"column":7}},"84":{"start":{"line":152,"column":23},"end":{"line":152,"column":65}},"85":{"start":{"line":153,"column":8},"end":{"line":162,"column":9}},"86":{"start":{"line":154,"column":10},"end":{"line":154,"column":29}},"87":{"start":{"line":155,"column":10},"end":{"line":155,"column":30}},"88":{"start":{"line":157,"column":10},"end":{"line":157,"column":37}},"89":{"start":{"line":159,"column":10},"end":{"line":159,"column":74}},"90":{"start":{"line":159,"column":54},"end":{"line":159,"column":72}},"91":{"start":{"line":160,"column":10},"end":{"line":160,"column":30}},"92":{"start":{"line":161,"column":10},"end":{"line":161,"column":37}},"93":{"start":{"line":164,"column":8},"end":{"line":164,"column":46}},"94":{"start":{"line":169,"column":0},"end":{"line":169,"column":52}}},"fnMap":{"0":{"name":"(anonymous_8)","decl":{"start":{"line":7,"column":17},"end":{"line":7,"column":24}},"loc":{"start":{"line":7,"column":59},"end":{"line":40,"column":2}}},"1":{"name":"(anonymous_9)","decl":{"start":{"line":7,"column":59},"end":{"line":7,"column":null}},"loc":{"start":{"line":7,"column":59},"end":{"line":40,"column":1}}},"2":{"name":"(anonymous_10)","decl":{"start":{"line":42,"column":14},"end":{"line":42,"column":21}},"loc":{"start":{"line":42,"column":56},"end":{"line":97,"column":2}}},"3":{"name":"(anonymous_11)","decl":{"start":{"line":42,"column":56},"end":{"line":42,"column":null}},"loc":{"start":{"line":42,"column":56},"end":{"line":97,"column":1}}},"4":{"name":"(anonymous_12)","decl":{"start":{"line":99,"column":16},"end":{"line":99,"column":23}},"loc":{"start":{"line":99,"column":58},"end":{"line":139,"column":2}}},"5":{"name":"(anonymous_13)","decl":{"start":{"line":99,"column":58},"end":{"line":99,"column":null}},"loc":{"start":{"line":99,"column":58},"end":{"line":139,"column":1}}},"6":{"name":"(anonymous_14)","decl":{"start":{"line":106,"column":4},"end":{"line":106,"column":11}},"loc":{"start":{"line":106,"column":41},"end":{"line":137,"column":null}}},"7":{"name":"(anonymous_15)","decl":{"start":{"line":106,"column":41},"end":{"line":106,"column":null}},"loc":{"start":{"line":106,"column":41},"end":{"line":137,"column":5}}},"8":{"name":"(anonymous_16)","decl":{"start":{"line":127,"column":45},"end":{"line":127,"column":46}},"loc":{"start":{"line":127,"column":56},"end":{"line":127,"column":78}}},"9":{"name":"(anonymous_17)","decl":{"start":{"line":141,"column":15},"end":{"line":141,"column":22}},"loc":{"start":{"line":141,"column":57},"end":{"line":168,"column":2}}},"10":{"name":"(anonymous_18)","decl":{"start":{"line":141,"column":57},"end":{"line":141,"column":null}},"loc":{"start":{"line":141,"column":57},"end":{"line":168,"column":1}}},"11":{"name":"(anonymous_19)","decl":{"start":{"line":148,"column":4},"end":{"line":148,"column":11}},"loc":{"start":{"line":148,"column":41},"end":{"line":166,"column":null}}},"12":{"name":"(anonymous_20)","decl":{"start":{"line":148,"column":41},"end":{"line":148,"column":null}},"loc":{"start":{"line":148,"column":41},"end":{"line":166,"column":5}}},"13":{"name":"(anonymous_21)","decl":{"start":{"line":159,"column":47},"end":{"line":159,"column":48}},"loc":{"start":{"line":159,"column":54},"end":{"line":159,"column":72}}}},"branchMap":{"0":{"loc":{"start":{"line":14,"column":2},"end":{"line":16,"column":3}},"type":"if","locations":[{"start":{"line":14,"column":2},"end":{"line":16,"column":3}}]},"1":{"loc":{"start":{"line":14,"column":6},"end":{"line":14,"column":59}},"type":"binary-expr","locations":[{"start":{"line":14,"column":6},"end":{"line":14,"column":19}},{"start":{"line":14,"column":23},"end":{"line":14,"column":39}},{"start":{"line":14,"column":43},"end":{"line":14,"column":59}}]},"2":{"loc":{"start":{"line":20,"column":4},"end":{"line":22,"column":5}},"type":"if","locations":[{"start":{"line":20,"column":4},"end":{"line":22,"column":5}}]},"3":{"loc":{"start":{"line":47,"column":2},"end":{"line":49,"column":3}},"type":"if","locations":[{"start":{"line":47,"column":2},"end":{"line":49,"column":3}}]},"4":{"loc":{"start":{"line":47,"column":6},"end":{"line":47,"column":39}},"type":"binary-expr","locations":[{"start":{"line":47,"column":6},"end":{"line":47,"column":19}},{"start":{"line":47,"column":23},"end":{"line":47,"column":39}}]},"5":{"loc":{"start":{"line":53,"column":4},"end":{"line":55,"column":5}},"type":"if","locations":[{"start":{"line":53,"column":4},"end":{"line":55,"column":5}}]},"6":{"loc":{"start":{"line":58,"column":4},"end":{"line":60,"column":5}},"type":"if","locations":[{"start":{"line":58,"column":4},"end":{"line":60,"column":5}}]},"7":{"loc":{"start":{"line":81,"column":4},"end":{"line":85,"column":5}},"type":"if","locations":[{"start":{"line":81,"column":4},"end":{"line":85,"column":5}},{"start":{"line":83,"column":11},"end":{"line":85,"column":5}}]},"8":{"loc":{"start":{"line":101,"column":23},"end":{"line":101,"column":61}},"type":"binary-expr","locations":[{"start":{"line":101,"column":23},"end":{"line":101,"column":33}},{"start":{"line":101,"column":37},"end":{"line":101,"column":61}}]},"9":{"loc":{"start":{"line":102,"column":2},"end":{"line":102,"column":55}},"type":"if","locations":[{"start":{"line":102,"column":2},"end":{"line":102,"column":55}}]},"10":{"loc":{"start":{"line":107,"column":6},"end":{"line":110,"column":7}},"type":"if","locations":[{"start":{"line":107,"column":6},"end":{"line":110,"column":7}}]},"11":{"loc":{"start":{"line":113,"column":8},"end":{"line":117,"column":9}},"type":"if","locations":[{"start":{"line":113,"column":8},"end":{"line":117,"column":9}}]},"12":{"loc":{"start":{"line":113,"column":12},"end":{"line":113,"column":67}},"type":"binary-expr","locations":[{"start":{"line":113,"column":12},"end":{"line":113,"column":26}},{"start":{"line":113,"column":30},"end":{"line":113,"column":67}}]},"13":{"loc":{"start":{"line":143,"column":23},"end":{"line":143,"column":61}},"type":"binary-expr","locations":[{"start":{"line":143,"column":23},"end":{"line":143,"column":33}},{"start":{"line":143,"column":37},"end":{"line":143,"column":61}}]},"14":{"loc":{"start":{"line":144,"column":2},"end":{"line":144,"column":55}},"type":"if","locations":[{"start":{"line":144,"column":2},"end":{"line":144,"column":55}}]},"15":{"loc":{"start":{"line":149,"column":6},"end":{"line":149,"column":42}},"type":"if","locations":[{"start":{"line":149,"column":6},"end":{"line":149,"column":42}}]},"16":{"loc":{"start":{"line":153,"column":8},"end":{"line":162,"column":9}},"type":"if","locations":[{"start":{"line":153,"column":8},"end":{"line":162,"column":9}},{"start":{"line":158,"column":15},"end":{"line":162,"column":9}}]},"17":{"loc":{"start":{"line":153,"column":12},"end":{"line":153,"column":67}},"type":"binary-expr","locations":[{"start":{"line":153,"column":12},"end":{"line":153,"column":26}},{"start":{"line":153,"column":30},"end":{"line":153,"column":67}}]}},"s":{"0":1,"1":1,"2":1,"3":1,"4":2,"5":2,"6":2,"7":2,"8":2,"9":2,"10":2,"11":0,"12":2,"13":2,"14":2,"15":1,"16":0,"17":1,"18":1,"19":1,"20":1,"21":1,"22":0,"23":1,"24":1,"25":1,"26":1,"27":1,"28":1,"29":0,"30":1,"31":1,"32":1,"33":0,"34":1,"35":1,"36":0,"37":1,"38":1,"39":1,"40":1,"41":1,"42":1,"43":0,"44":1,"45":1,"46":1,"47":0,"48":1,"49":0,"50":0,"51":0,"52":0,"53":0,"54":0,"55":0,"56":0,"57":0,"58":0,"59":0,"60":0,"61":0,"62":0,"63":0,"64":0,"65":0,"66":0,"67":0,"68":0,"69":0,"70":0,"71":0,"72":0,"73":1,"74":0,"75":0,"76":0,"77":0,"78":0,"79":0,"80":0,"81":0,"82":0,"83":0,"84":0,"85":0,"86":0,"87":0,"88":0,"89":0,"90":0,"91":0,"92":0,"93":0,"94":1},"f":{"0":2,"1":2,"2":1,"3":1,"4":0,"5":0,"6":0,"7":0,"8":0,"9":0,"10":0,"11":0,"12":0,"13":0},"b":{"0":[0],"1":[2,2,2],"2":[1],"3":[0],"4":[1,1],"5":[0],"6":[0],"7":[0,1],"8":[0,0],"9":[0],"10":[0],"11":[0],"12":[0,0],"13":[0,0],"14":[0],"15":[0],"16":[0,0],"17":[0,0]}}
,"C:\\Users\\97250\\Desktop\\Travel Easily Server\\src\\controllers\\trips_controller.ts": {"path":"C:\\Users\\97250\\Desktop\\Travel Easily Server\\src\\controllers\\trips_controller.ts","statementMap":{"0":{"start":{"line":1,"column":0},"end":{"line":1,"column":54}},"1":{"start":{"line":15,"column":20},"end":{"line":24,"column":2}},"2":{"start":{"line":15,"column":58},"end":{"line":24,"column":2}},"3":{"start":{"line":16,"column":2},"end":{"line":16,"column":31}},"4":{"start":{"line":17,"column":18},"end":{"line":17,"column":36}},"5":{"start":{"line":18,"column":2},"end":{"line":23,"column":3}},"6":{"start":{"line":19,"column":4},"end":{"line":19,"column":34}},"7":{"start":{"line":21,"column":4},"end":{"line":21,"column":21}},"8":{"start":{"line":22,"column":4},"end":{"line":22,"column":51}},"9":{"start":{"line":26,"column":16},"end":{"line":36,"column":2}},"10":{"start":{"line":26,"column":54},"end":{"line":36,"column":2}},"11":{"start":{"line":27,"column":2},"end":{"line":27,"column":45}},"12":{"start":{"line":28,"column":2},"end":{"line":35,"column":3}},"13":{"start":{"line":30,"column":18},"end":{"line":30,"column":60}},"14":{"start":{"line":31,"column":4},"end":{"line":31,"column":20}},"15":{"start":{"line":33,"column":4},"end":{"line":33,"column":23}},"16":{"start":{"line":34,"column":4},"end":{"line":34,"column":51}},"17":{"start":{"line":38,"column":13},"end":{"line":55,"column":2}},"18":{"start":{"line":38,"column":55},"end":{"line":55,"column":2}},"19":{"start":{"line":39,"column":2},"end":{"line":39,"column":39}},"20":{"start":{"line":40,"column":17},"end":{"line":40,"column":29}},"21":{"start":{"line":41,"column":19},"end":{"line":41,"column":36}},"22":{"start":{"line":42,"column":17},"end":{"line":42,"column":32}},"23":{"start":{"line":43,"column":2},"end":{"line":43,"column":26}},"24":{"start":{"line":44,"column":2},"end":{"line":44,"column":31}},"25":{"start":{"line":45,"column":2},"end":{"line":45,"column":27}},"26":{"start":{"line":47,"column":14},"end":{"line":47,"column":33}},"27":{"start":{"line":48,"column":2},"end":{"line":54,"column":3}},"28":{"start":{"line":49,"column":4},"end":{"line":49,"column":21}},"29":{"start":{"line":50,"column":4},"end":{"line":50,"column":31}},"30":{"start":{"line":52,"column":4},"end":{"line":52,"column":21}},"31":{"start":{"line":53,"column":4},"end":{"line":53,"column":51}},"32":{"start":{"line":57,"column":16},"end":{"line":78,"column":2}},"33":{"start":{"line":57,"column":58},"end":{"line":78,"column":2}},"34":{"start":{"line":58,"column":2},"end":{"line":58,"column":39}},"35":{"start":{"line":59,"column":17},"end":{"line":59,"column":29}},"36":{"start":{"line":60,"column":16},"end":{"line":60,"column":29}},"37":{"start":{"line":62,"column":2},"end":{"line":77,"column":3}},"38":{"start":{"line":63,"column":16},"end":{"line":63,"column":66}},"39":{"start":{"line":64,"column":4},"end":{"line":68,"column":5}},"40":{"start":{"line":65,"column":6},"end":{"line":67,"column":9}},"41":{"start":{"line":70,"column":22},"end":{"line":72,"column":6}},"42":{"start":{"line":74,"column":4},"end":{"line":74,"column":24}},"43":{"start":{"line":76,"column":4},"end":{"line":76,"column":51}},"44":{"start":{"line":80,"column":19},"end":{"line":99,"column":2}},"45":{"start":{"line":80,"column":61},"end":{"line":99,"column":2}},"46":{"start":{"line":81,"column":2},"end":{"line":98,"column":3}},"47":{"start":{"line":82,"column":19},"end":{"line":82,"column":31}},"48":{"start":{"line":83,"column":18},"end":{"line":83,"column":31}},"49":{"start":{"line":86,"column":16},"end":{"line":86,"column":66}},"50":{"start":{"line":88,"column":4},"end":{"line":92,"column":5}},"51":{"start":{"line":89,"column":6},"end":{"line":91,"column":9}},"52":{"start":{"line":94,"column":4},"end":{"line":94,"column":42}},"53":{"start":{"line":95,"column":4},"end":{"line":95,"column":43}},"54":{"start":{"line":97,"column":4},"end":{"line":97,"column":51}},"55":{"start":{"line":101,"column":19},"end":{"line":137,"column":2}},"56":{"start":{"line":101,"column":61},"end":{"line":137,"column":2}},"57":{"start":{"line":102,"column":2},"end":{"line":136,"column":3}},"58":{"start":{"line":104,"column":19},"end":{"line":104,"column":36}},"59":{"start":{"line":106,"column":4},"end":{"line":108,"column":5}},"60":{"start":{"line":107,"column":6},"end":{"line":107,"column":60}},"61":{"start":{"line":109,"column":21},"end":{"line":109,"column":38}},"62":{"start":{"line":110,"column":21},"end":{"line":110,"column":33}},"63":{"start":{"line":111,"column":24},"end":{"line":111,"column":32}},"64":{"start":{"line":114,"column":17},"end":{"line":114,"column":45}},"65":{"start":{"line":115,"column":4},"end":{"line":117,"column":5}},"66":{"start":{"line":116,"column":6},"end":{"line":116,"column":52}},"67":{"start":{"line":120,"column":4},"end":{"line":125,"column":7}},"68":{"start":{"line":126,"column":4},"end":{"line":126,"column":25}},"69":{"start":{"line":129,"column":4},"end":{"line":129,"column":22}},"70":{"start":{"line":132,"column":4},"end":{"line":132,"column":31}},"71":{"start":{"line":135,"column":4},"end":{"line":135,"column":40}},"72":{"start":{"line":139,"column":22},"end":{"line":159,"column":2}},"73":{"start":{"line":139,"column":64},"end":{"line":159,"column":2}},"74":{"start":{"line":140,"column":2},"end":{"line":158,"column":3}},"75":{"start":{"line":141,"column":19},"end":{"line":141,"column":36}},"76":{"start":{"line":142,"column":22},"end":{"line":142,"column":42}},"77":{"start":{"line":144,"column":17},"end":{"line":144,"column":45}},"78":{"start":{"line":145,"column":4},"end":{"line":147,"column":5}},"79":{"start":{"line":146,"column":6},"end":{"line":146,"column":52}},"80":{"start":{"line":149,"column":4},"end":{"line":151,"column":6}},"81":{"start":{"line":150,"column":19},"end":{"line":150,"column":44}},"82":{"start":{"line":152,"column":4},"end":{"line":152,"column":77}},"83":{"start":{"line":153,"column":4},"end":{"line":153,"column":22}},"84":{"start":{"line":155,"column":4},"end":{"line":155,"column":31}},"85":{"start":{"line":157,"column":4},"end":{"line":157,"column":40}},"86":{"start":{"line":161,"column":16},"end":{"line":186,"column":2}},"87":{"start":{"line":161,"column":58},"end":{"line":186,"column":2}},"88":{"start":{"line":162,"column":2},"end":{"line":185,"column":3}},"89":{"start":{"line":163,"column":19},"end":{"line":163,"column":36}},"90":{"start":{"line":164,"column":19},"end":{"line":164,"column":31}},"91":{"start":{"line":165,"column":4},"end":{"line":165,"column":28}},"92":{"start":{"line":167,"column":17},"end":{"line":167,"column":45}},"93":{"start":{"line":168,"column":4},"end":{"line":170,"column":5}},"94":{"start":{"line":169,"column":6},"end":{"line":169,"column":52}},"95":{"start":{"line":172,"column":4},"end":{"line":177,"column":5}},"96":{"start":{"line":172,"column":35},"end":{"line":172,"column":56}},"97":{"start":{"line":173,"column":6},"end":{"line":173,"column":41}},"98":{"start":{"line":174,"column":6},"end":{"line":174,"column":24}},"99":{"start":{"line":175,"column":6},"end":{"line":175,"column":24}},"100":{"start":{"line":176,"column":6},"end":{"line":176,"column":40}},"101":{"start":{"line":178,"column":4},"end":{"line":178,"column":68}},"102":{"start":{"line":178,"column":45},"end":{"line":178,"column":66}},"103":{"start":{"line":179,"column":4},"end":{"line":179,"column":22}},"104":{"start":{"line":180,"column":4},"end":{"line":180,"column":22}},"105":{"start":{"line":181,"column":4},"end":{"line":181,"column":38}},"106":{"start":{"line":184,"column":4},"end":{"line":184,"column":40}},"107":{"start":{"line":209,"column":0},"end":{"line":218,"column":2}}},"fnMap":{"0":{"name":"(anonymous_8)","decl":{"start":{"line":15,"column":20},"end":{"line":15,"column":27}},"loc":{"start":{"line":15,"column":58},"end":{"line":24,"column":2}}},"1":{"name":"(anonymous_9)","decl":{"start":{"line":15,"column":58},"end":{"line":15,"column":null}},"loc":{"start":{"line":15,"column":58},"end":{"line":24,"column":1}}},"2":{"name":"(anonymous_10)","decl":{"start":{"line":26,"column":16},"end":{"line":26,"column":23}},"loc":{"start":{"line":26,"column":54},"end":{"line":36,"column":2}}},"3":{"name":"(anonymous_11)","decl":{"start":{"line":26,"column":54},"end":{"line":26,"column":null}},"loc":{"start":{"line":26,"column":54},"end":{"line":36,"column":1}}},"4":{"name":"(anonymous_12)","decl":{"start":{"line":38,"column":13},"end":{"line":38,"column":20}},"loc":{"start":{"line":38,"column":55},"end":{"line":55,"column":2}}},"5":{"name":"(anonymous_13)","decl":{"start":{"line":38,"column":55},"end":{"line":38,"column":null}},"loc":{"start":{"line":38,"column":55},"end":{"line":55,"column":1}}},"6":{"name":"(anonymous_14)","decl":{"start":{"line":57,"column":16},"end":{"line":57,"column":23}},"loc":{"start":{"line":57,"column":58},"end":{"line":78,"column":2}}},"7":{"name":"(anonymous_15)","decl":{"start":{"line":57,"column":58},"end":{"line":57,"column":null}},"loc":{"start":{"line":57,"column":58},"end":{"line":78,"column":1}}},"8":{"name":"(anonymous_16)","decl":{"start":{"line":80,"column":19},"end":{"line":80,"column":26}},"loc":{"start":{"line":80,"column":61},"end":{"line":99,"column":2}}},"9":{"name":"(anonymous_17)","decl":{"start":{"line":80,"column":61},"end":{"line":80,"column":null}},"loc":{"start":{"line":80,"column":61},"end":{"line":99,"column":1}}},"10":{"name":"(anonymous_18)","decl":{"start":{"line":101,"column":19},"end":{"line":101,"column":26}},"loc":{"start":{"line":101,"column":61},"end":{"line":137,"column":2}}},"11":{"name":"(anonymous_19)","decl":{"start":{"line":101,"column":61},"end":{"line":101,"column":null}},"loc":{"start":{"line":101,"column":61},"end":{"line":137,"column":1}}},"12":{"name":"(anonymous_20)","decl":{"start":{"line":139,"column":22},"end":{"line":139,"column":29}},"loc":{"start":{"line":139,"column":64},"end":{"line":159,"column":2}}},"13":{"name":"(anonymous_21)","decl":{"start":{"line":139,"column":64},"end":{"line":139,"column":null}},"loc":{"start":{"line":139,"column":64},"end":{"line":159,"column":1}}},"14":{"name":"(anonymous_22)","decl":{"start":{"line":150,"column":6},"end":{"line":150,"column":7}},"loc":{"start":{"line":150,"column":19},"end":{"line":150,"column":44}}},"15":{"name":"(anonymous_23)","decl":{"start":{"line":161,"column":16},"end":{"line":161,"column":23}},"loc":{"start":{"line":161,"column":58},"end":{"line":186,"column":2}}},"16":{"name":"(anonymous_24)","decl":{"start":{"line":161,"column":58},"end":{"line":161,"column":null}},"loc":{"start":{"line":161,"column":58},"end":{"line":186,"column":1}}},"17":{"name":"(anonymous_25)","decl":{"start":{"line":172,"column":25},"end":{"line":172,"column":26}},"loc":{"start":{"line":172,"column":35},"end":{"line":172,"column":56}}},"18":{"name":"(anonymous_26)","decl":{"start":{"line":178,"column":35},"end":{"line":178,"column":36}},"loc":{"start":{"line":178,"column":45},"end":{"line":178,"column":66}}}},"branchMap":{"0":{"loc":{"start":{"line":64,"column":4},"end":{"line":68,"column":5}},"type":"if","locations":[{"start":{"line":64,"column":4},"end":{"line":68,"column":5}}]},"1":{"loc":{"start":{"line":88,"column":4},"end":{"line":92,"column":5}},"type":"if","locations":[{"start":{"line":88,"column":4},"end":{"line":92,"column":5}}]},"2":{"loc":{"start":{"line":106,"column":4},"end":{"line":108,"column":5}},"type":"if","locations":[{"start":{"line":106,"column":4},"end":{"line":108,"column":5}}]},"3":{"loc":{"start":{"line":115,"column":4},"end":{"line":117,"column":5}},"type":"if","locations":[{"start":{"line":115,"column":4},"end":{"line":117,"column":5}}]},"4":{"loc":{"start":{"line":145,"column":4},"end":{"line":147,"column":5}},"type":"if","locations":[{"start":{"line":145,"column":4},"end":{"line":147,"column":5}}]},"5":{"loc":{"start":{"line":152,"column":4},"end":{"line":152,"column":76}},"type":"cond-expr","locations":[{"start":{"line":152,"column":29},"end":{"line":152,"column":49}},{"start":{"line":152,"column":53},"end":{"line":152,"column":75}}]},"6":{"loc":{"start":{"line":168,"column":4},"end":{"line":170,"column":5}},"type":"if","locations":[{"start":{"line":168,"column":4},"end":{"line":170,"column":5}}]},"7":{"loc":{"start":{"line":172,"column":4},"end":{"line":177,"column":5}},"type":"if","locations":[{"start":{"line":172,"column":4},"end":{"line":177,"column":5}}]}},"s":{"0":1,"1":1,"2":0,"3":0,"4":0,"5":0,"6":0,"7":0,"8":0,"9":1,"10":0,"11":0,"12":0,"13":0,"14":0,"15":0,"16":0,"17":1,"18":0,"19":0,"20":0,"21":0,"22":0,"23":0,"24":0,"25":0,"26":0,"27":0,"28":0,"29":0,"30":0,"31":0,"32":1,"33":0,"34":0,"35":0,"36":0,"37":0,"38":0,"39":0,"40":0,"41":0,"42":0,"43":0,"44":1,"45":0,"46":0,"47":0,"48":0,"49":0,"50":0,"51":0,"52":0,"53":0,"54":0,"55":1,"56":0,"57":0,"58":0,"59":0,"60":0,"61":0,"62":0,"63":0,"64":0,"65":0,"66":0,"67":0,"68":0,"69":0,"70":0,"71":0,"72":1,"73":0,"74":0,"75":0,"76":0,"77":0,"78":0,"79":0,"80":0,"81":0,"82":0,"83":0,"84":0,"85":0,"86":1,"87":0,"88":0,"89":0,"90":0,"91":0,"92":0,"93":0,"94":0,"95":0,"96":0,"97":0,"98":0,"99":0,"100":0,"101":0,"102":0,"103":0,"104":0,"105":0,"106":0,"107":1},"f":{"0":0,"1":0,"2":0,"3":0,"4":0,"5":0,"6":0,"7":0,"8":0,"9":0,"10":0,"11":0,"12":0,"13":0,"14":0,"15":0,"16":0,"17":0,"18":0},"b":{"0":[0],"1":[0],"2":[0],"3":[0],"4":[0],"5":[0,0],"6":[0],"7":[0]}}
,"C:\\Users\\97250\\Desktop\\Travel Easily Server\\src\\controllers\\user_controller.ts": {"path":"C:\\Users\\97250\\Desktop\\Travel Easily Server\\src\\controllers\\user_controller.ts","statementMap":{"0":{"start":{"line":1,"column":0},"end":{"line":1,"column":54}},"1":{"start":{"line":13,"column":23},"end":{"line":34,"column":2}},"2":{"start":{"line":13,"column":65},"end":{"line":34,"column":2}},"3":{"start":{"line":14,"column":2},"end":{"line":14,"column":39}},"4":{"start":{"line":15,"column":17},"end":{"line":15,"column":30}},"5":{"start":{"line":17,"column":2},"end":{"line":33,"column":3}},"6":{"start":{"line":18,"column":16},"end":{"line":18,"column":52}},"7":{"start":{"line":19,"column":4},"end":{"line":23,"column":5}},"8":{"start":{"line":20,"column":6},"end":{"line":22,"column":9}},"9":{"start":{"line":25,"column":23},"end":{"line":27,"column":6}},"10":{"start":{"line":29,"column":4},"end":{"line":29,"column":28}},"11":{"start":{"line":30,"column":4},"end":{"line":30,"column":37}},"12":{"start":{"line":32,"column":4},"end":{"line":32,"column":51}},"13":{"start":{"line":47,"column":0},"end":{"line":49,"column":2}}},"fnMap":{"0":{"name":"(anonymous_8)","decl":{"start":{"line":13,"column":23},"end":{"line":13,"column":30}},"loc":{"start":{"line":13,"column":65},"end":{"line":34,"column":2}}},"1":{"name":"(anonymous_9)","decl":{"start":{"line":13,"column":65},"end":{"line":13,"column":null}},"loc":{"start":{"line":13,"column":65},"end":{"line":34,"column":1}}}},"branchMap":{"0":{"loc":{"start":{"line":19,"column":4},"end":{"line":23,"column":5}},"type":"if","locations":[{"start":{"line":19,"column":4},"end":{"line":23,"column":5}}]}},"s":{"0":1,"1":1,"2":3,"3":3,"4":3,"5":3,"6":3,"7":2,"8":1,"9":1,"10":1,"11":1,"12":1,"13":1},"f":{"0":3,"1":3},"b":{"0":[1]}}
,"C:\\Users\\97250\\Desktop\\Travel Easily Server\\src\\models\\trips_model.ts": {"path":"C:\\Users\\97250\\Desktop\\Travel Easily Server\\src\\models\\trips_model.ts","statementMap":{"0":{"start":{"line":1,"column":0},"end":{"line":1,"column":32}},"1":{"start":{"line":29,"column":20},"end":{"line":86,"column":2}},"2":{"start":{"line":88,"column":0},"end":{"line":88,"column":59}}},"fnMap":{},"branchMap":{},"s":{"0":1,"1":1,"2":1},"f":{},"b":{}}
,"C:\\Users\\97250\\Desktop\\Travel Easily Server\\src\\models\\users_model.ts": {"path":"C:\\Users\\97250\\Desktop\\Travel Easily Server\\src\\models\\users_model.ts","statementMap":{"0":{"start":{"line":1,"column":0},"end":{"line":1,"column":32}},"1":{"start":{"line":12,"column":20},"end":{"line":32,"column":2}},"2":{"start":{"line":34,"column":0},"end":{"line":34,"column":59}}},"fnMap":{},"branchMap":{},"s":{"0":1,"1":1,"2":1},"f":{},"b":{}}
,"C:\\Users\\97250\\Desktop\\Travel Easily Server\\src\\routes\\auth_route.ts": {"path":"C:\\Users\\97250\\Desktop\\Travel Easily Server\\src\\routes\\auth_route.ts","statementMap":{"0":{"start":{"line":1,"column":0},"end":{"line":1,"column":30}},"1":{"start":{"line":2,"column":15},"end":{"line":2,"column":31}},"2":{"start":{"line":3,"column":0},"end":{"line":3,"column":60}},"3":{"start":{"line":5,"column":0},"end":{"line":5,"column":44}},"4":{"start":{"line":7,"column":0},"end":{"line":7,"column":50}},"5":{"start":{"line":9,"column":0},"end":{"line":9,"column":46}},"6":{"start":{"line":11,"column":0},"end":{"line":11,"column":48}},"7":{"start":{"line":13,"column":0},"end":{"line":13,"column":22}}},"fnMap":{},"branchMap":{},"s":{"0":1,"1":1,"2":1,"3":1,"4":1,"5":1,"6":1,"7":1},"f":{},"b":{}}
,"C:\\Users\\97250\\Desktop\\Travel Easily Server\\src\\routes\\file_route.ts": {"path":"C:\\Users\\97250\\Desktop\\Travel Easily Server\\src\\routes\\file_route.ts","statementMap":{"0":{"start":{"line":1,"column":0},"end":{"line":1,"column":30}},"1":{"start":{"line":2,"column":15},"end":{"line":2,"column":31}},"2":{"start":{"line":3,"column":0},"end":{"line":3,"column":28}},"3":{"start":{"line":6,"column":13},"end":{"line":6,"column":36}},"4":{"start":{"line":8,"column":16},"end":{"line":21,"column":2}},"5":{"start":{"line":10,"column":4},"end":{"line":10,"column":24}},"6":{"start":{"line":13,"column":16},"end":{"line":13,"column":50}},"7":{"start":{"line":14,"column":17},"end":{"line":14,"column":27}},"8":{"start":{"line":15,"column":26},"end":{"line":18,"column":27}},"9":{"start":{"line":19,"column":4},"end":{"line":19,"column":40}},"10":{"start":{"line":23,"column":15},"end":{"line":23,"column":43}},"11":{"start":{"line":26,"column":0},"end":{"line":35,"column":3}},"12":{"start":{"line":28,"column":19},"end":{"line":28,"column":52}},"13":{"start":{"line":31,"column":2},"end":{"line":31,"column":61}},"14":{"start":{"line":34,"column":2},"end":{"line":34,"column":55}},"15":{"start":{"line":37,"column":0},"end":{"line":37,"column":16}}},"fnMap":{"0":{"name":"(anonymous_1)","decl":{"start":{"line":9,"column":15},"end":{"line":9,"column":25}},"loc":{"start":{"line":9,"column":38},"end":{"line":11,"column":3}}},"1":{"name":"(anonymous_2)","decl":{"start":{"line":12,"column":12},"end":{"line":12,"column":22}},"loc":{"start":{"line":12,"column":35},"end":{"line":20,"column":3}}},"2":{"name":"(anonymous_3)","decl":{"start":{"line":26,"column":40},"end":{"line":26,"column":50}},"loc":{"start":{"line":26,"column":58},"end":{"line":35,"column":1}}}},"branchMap":{},"s":{"0":1,"1":1,"2":1,"3":1,"4":1,"5":0,"6":0,"7":0,"8":0,"9":0,"10":1,"11":1,"12":0,"13":0,"14":0,"15":1},"f":{"0":0,"1":0,"2":0},"b":{}}
,"C:\\Users\\97250\\Desktop\\Travel Easily Server\\src\\routes\\trips_route.ts": {"path":"C:\\Users\\97250\\Desktop\\Travel Easily Server\\src\\routes\\trips_route.ts","statementMap":{"0":{"start":{"line":1,"column":0},"end":{"line":1,"column":30}},"1":{"start":{"line":2,"column":15},"end":{"line":2,"column":31}},"2":{"start":{"line":3,"column":0},"end":{"line":3,"column":62}},"3":{"start":{"line":4,"column":0},"end":{"line":4,"column":55}},"4":{"start":{"line":6,"column":0},"end":{"line":6,"column":45}},"5":{"start":{"line":7,"column":0},"end":{"line":7,"column":60}},"6":{"start":{"line":8,"column":0},"end":{"line":8,"column":55}},"7":{"start":{"line":9,"column":0},"end":{"line":9,"column":60}},"8":{"start":{"line":10,"column":0},"end":{"line":14,"column":2}},"9":{"start":{"line":17,"column":0},"end":{"line":21,"column":2}},"10":{"start":{"line":23,"column":0},"end":{"line":27,"column":2}},"11":{"start":{"line":30,"column":0},"end":{"line":34,"column":2}},"12":{"start":{"line":43,"column":0},"end":{"line":43,"column":22}}},"fnMap":{},"branchMap":{},"s":{"0":1,"1":1,"2":1,"3":1,"4":1,"5":1,"6":1,"7":1,"8":1,"9":1,"10":1,"11":1,"12":1},"f":{},"b":{}}
,"C:\\Users\\97250\\Desktop\\Travel Easily Server\\src\\routes\\user_route.ts": {"path":"C:\\Users\\97250\\Desktop\\Travel Easily Server\\src\\routes\\user_route.ts","statementMap":{"0":{"start":{"line":1,"column":0},"end":{"line":1,"column":30}},"1":{"start":{"line":2,"column":15},"end":{"line":2,"column":31}},"2":{"start":{"line":3,"column":0},"end":{"line":3,"column":60}},"3":{"start":{"line":4,"column":0},"end":{"line":4,"column":55}},"4":{"start":{"line":6,"column":0},"end":{"line":6,"column":66}},"5":{"start":{"line":9,"column":0},"end":{"line":9,"column":22}}},"fnMap":{},"branchMap":{},"s":{"0":1,"1":1,"2":1,"3":1,"4":1,"5":1},"f":{},"b":{}}
}
