{"C:\\Users\\LENOVO\\Desktop\\‏‏תיקיה חדשה\\Travel Easily Server (2) (1)\\Travel Easily Server\\src\\app.ts": {"path":"C:\\Users\\LENOVO\\Desktop\\‏‏תיקיה חדשה\\Travel Easily Server (2) (1)\\Travel Easily Server\\src\\app.ts","statementMap":{"0":{"start":{"line":1,"column":0},"end":{"line":1,"column":30}},"1":{"start":{"line":2,"column":12},"end":{"line":2,"column":21}},"2":{"start":{"line":3,"column":0},"end":{"line":3,"column":28}},"3":{"start":{"line":4,"column":0},"end":{"line":4,"column":16}},"4":{"start":{"line":5,"column":0},"end":{"line":5,"column":32}},"5":{"start":{"line":6,"column":0},"end":{"line":6,"column":37}},"6":{"start":{"line":7,"column":0},"end":{"line":7,"column":46}},"7":{"start":{"line":8,"column":0},"end":{"line":8,"column":44}},"8":{"start":{"line":9,"column":0},"end":{"line":9,"column":24}},"9":{"start":{"line":10,"column":0},"end":{"line":10,"column":44}},"10":{"start":{"line":11,"column":0},"end":{"line":11,"column":44}},"11":{"start":{"line":12,"column":0},"end":{"line":12,"column":16}},"12":{"start":{"line":15,"column":2},"end":{"line":17,"column":24}},"13":{"start":{"line":20,"column":0},"end":{"line":20,"column":24}},"14":{"start":{"line":21,"column":11},"end":{"line":21,"column":30}},"15":{"start":{"line":22,"column":0},"end":{"line":22,"column":48}},"16":{"start":{"line":22,"column":26},"end":{"line":22,"column":46}},"17":{"start":{"line":23,"column":0},"end":{"line":27,"column":2}},"18":{"start":{"line":24,"column":2},"end":{"line":25,"column":null}},"19":{"start":{"line":29,"column":0},"end":{"line":29,"column":27}},"20":{"start":{"line":30,"column":0},"end":{"line":30,"column":51}},"21":{"start":{"line":31,"column":0},"end":{"line":31,"column":30}},"22":{"start":{"line":32,"column":0},"end":{"line":32,"column":28}},"23":{"start":{"line":33,"column":0},"end":{"line":33,"column":28}},"24":{"start":{"line":34,"column":0},"end":{"line":34,"column":29}},"25":{"start":{"line":35,"column":0},"end":{"line":35,"column":45}},"26":{"start":{"line":36,"column":0},"end":{"line":36,"column":19}}},"fnMap":{"0":{"name":"(anonymous_1)","decl":{"start":{"line":22,"column":15},"end":{"line":22,"column":16}},"loc":{"start":{"line":22,"column":26},"end":{"line":22,"column":46}}},"1":{"name":"(anonymous_2)","decl":{"start":{"line":23,"column":16},"end":{"line":23,"column":19}},"loc":{"start":{"line":24,"column":2},"end":{"line":25,"column":null}}}},"branchMap":{"0":{"loc":{"start":{"line":15,"column":2},"end":{"line":17,"column":24}},"type":"cond-expr","locations":[{"start":{"line":16,"column":6},"end":{"line":16,"column":29}},{"start":{"line":17,"column":6},"end":{"line":17,"column":24}}]},"1":{"loc":{"start":{"line":25,"column":20},"end":{"line":25,"column":66}},"type":"cond-expr","locations":[{"start":{"line":25,"column":54},"end":{"line":25,"column":61}},{"start":{"line":25,"column":64},"end":{"line":25,"column":66}}]}},"s":{"0":4,"1":4,"2":4,"3":4,"4":4,"5":4,"6":4,"7":4,"8":4,"9":4,"10":4,"11":4,"12":4,"13":4,"14":4,"15":4,"16":0,"17":4,"18":4,"19":4,"20":4,"21":4,"22":4,"23":4,"24":4,"25":4,"26":4},"f":{"0":0,"1":4},"b":{"0":[4,0],"1":[4,0]}}
,"C:\\Users\\LENOVO\\Desktop\\‏‏תיקיה חדשה\\Travel Easily Server (2) (1)\\Travel Easily Server\\src\\common\\auth_middleware.ts": {"path":"C:\\Users\\LENOVO\\Desktop\\‏‏תיקיה חדשה\\Travel Easily Server (2) (1)\\Travel Easily Server\\src\\common\\auth_middleware.ts","statementMap":{"0":{"start":{"line":1,"column":0},"end":{"line":1,"column":31}},"1":{"start":{"line":8,"column":23},"end":{"line":36,"column":1}},"2":{"start":{"line":13,"column":21},"end":{"line":13,"column":48}},"3":{"start":{"line":14,"column":16},"end":{"line":14,"column":54}},"4":{"start":{"line":16,"column":2},"end":{"line":18,"column":3}},"5":{"start":{"line":17,"column":4},"end":{"line":17,"column":49}},"6":{"start":{"line":20,"column":2},"end":{"line":35,"column":3}},"7":{"start":{"line":21,"column":21},"end":{"line":21,"column":72}},"8":{"start":{"line":23,"column":4},"end":{"line":32,"column":5}},"9":{"start":{"line":28,"column":6},"end":{"line":28,"column":68}},"10":{"start":{"line":29,"column":6},"end":{"line":29,"column":13}},"11":{"start":{"line":31,"column":6},"end":{"line":31,"column":61}},"12":{"start":{"line":34,"column":4},"end":{"line":34,"column":52}},"13":{"start":{"line":38,"column":0},"end":{"line":38,"column":30}}},"fnMap":{"0":{"name":"(anonymous_1)","decl":{"start":{"line":8,"column":23},"end":{"line":8,"column":null}},"loc":{"start":{"line":12,"column":4},"end":{"line":36,"column":1}}}},"branchMap":{"0":{"loc":{"start":{"line":14,"column":16},"end":{"line":14,"column":54}},"type":"binary-expr","locations":[{"start":{"line":14,"column":16},"end":{"line":14,"column":26}},{"start":{"line":14,"column":30},"end":{"line":14,"column":54}}]},"1":{"loc":{"start":{"line":16,"column":2},"end":{"line":18,"column":3}},"type":"if","locations":[{"start":{"line":16,"column":2},"end":{"line":18,"column":3}}]},"2":{"loc":{"start":{"line":23,"column":4},"end":{"line":32,"column":5}},"type":"if","locations":[{"start":{"line":23,"column":4},"end":{"line":32,"column":5}},{"start":{"line":30,"column":11},"end":{"line":32,"column":5}}]},"3":{"loc":{"start":{"line":24,"column":6},"end":{"line":26,"column":23}},"type":"binary-expr","locations":[{"start":{"line":24,"column":6},"end":{"line":24,"column":34}},{"start":{"line":25,"column":6},"end":{"line":25,"column":23}},{"start":{"line":26,"column":6},"end":{"line":26,"column":23}}]}},"s":{"0":4,"1":4,"2":27,"3":27,"4":27,"5":1,"6":26,"7":26,"8":24,"9":24,"10":24,"11":0,"12":2,"13":4},"f":{"0":27},"b":{"0":[27,26],"1":[1],"2":[24,0],"3":[24,24,24]}}
,"C:\\Users\\LENOVO\\Desktop\\‏‏תיקיה חדשה\\Travel Easily Server (2) (1)\\Travel Easily Server\\src\\controllers\\auth_controller.ts": {"path":"C:\\Users\\LENOVO\\Desktop\\‏‏תיקיה חדשה\\Travel Easily Server (2) (1)\\Travel Easily Server\\src\\controllers\\auth_controller.ts","statementMap":{"0":{"start":{"line":2,"column":0},"end":{"line":2,"column":58}},"1":{"start":{"line":3,"column":0},"end":{"line":3,"column":28}},"2":{"start":{"line":4,"column":0},"end":{"line":4,"column":31}},"3":{"start":{"line":6,"column":0},"end":{"line":6,"column":51}},"4":{"start":{"line":8,"column":15},"end":{"line":8,"column":33}},"5":{"start":{"line":10,"column":21},"end":{"line":64,"column":2}},"6":{"start":{"line":10,"column":59},"end":{"line":64,"column":2}},"7":{"start":{"line":11,"column":2},"end":{"line":11,"column":24}},"8":{"start":{"line":12,"column":2},"end":{"line":63,"column":3}},"9":{"start":{"line":13,"column":19},"end":{"line":16,"column":6}},"10":{"start":{"line":18,"column":20},"end":{"line":18,"column":39}},"11":{"start":{"line":19,"column":18},"end":{"line":19,"column":32}},"12":{"start":{"line":20,"column":4},"end":{"line":60,"column":5}},"13":{"start":{"line":21,"column":17},"end":{"line":21,"column":58}},"14":{"start":{"line":22,"column":6},"end":{"line":29,"column":7}},"15":{"start":{"line":23,"column":8},"end":{"line":28,"column":11}},"16":{"start":{"line":30,"column":26},"end":{"line":33,"column":null}},"17":{"start":{"line":37,"column":27},"end":{"line":39,"column":null}},"18":{"start":{"line":42,"column":23},"end":{"line":42,"column":36}},"19":{"start":{"line":43,"column":21},"end":{"line":43,"column":32}},"20":{"start":{"line":44,"column":21},"end":{"line":44,"column":29}},"21":{"start":{"line":47,"column":6},"end":{"line":51,"column":7}},"22":{"start":{"line":48,"column":8},"end":{"line":48,"column":37}},"23":{"start":{"line":50,"column":8},"end":{"line":50,"column":39}},"24":{"start":{"line":52,"column":6},"end":{"line":52,"column":24}},"25":{"start":{"line":53,"column":6},"end":{"line":59,"column":9}},"26":{"start":{"line":62,"column":4},"end":{"line":62,"column":45}},"27":{"start":{"line":66,"column":17},"end":{"line":99,"column":2}},"28":{"start":{"line":66,"column":59},"end":{"line":99,"column":2}},"29":{"start":{"line":67,"column":2},"end":{"line":67,"column":26}},"30":{"start":{"line":68,"column":16},"end":{"line":68,"column":30}},"31":{"start":{"line":69,"column":19},"end":{"line":69,"column":36}},"32":{"start":{"line":70,"column":19},"end":{"line":70,"column":36}},"33":{"start":{"line":71,"column":17},"end":{"line":71,"column":32}},"34":{"start":{"line":73,"column":2},"end":{"line":75,"column":3}},"35":{"start":{"line":74,"column":4},"end":{"line":74,"column":73}},"36":{"start":{"line":77,"column":2},"end":{"line":84,"column":3}},"37":{"start":{"line":78,"column":22},"end":{"line":78,"column":63}},"38":{"start":{"line":79,"column":4},"end":{"line":81,"column":5}},"39":{"start":{"line":80,"column":6},"end":{"line":80,"column":52}},"40":{"start":{"line":83,"column":4},"end":{"line":83,"column":41}},"41":{"start":{"line":86,"column":2},"end":{"line":98,"column":3}},"42":{"start":{"line":87,"column":17},"end":{"line":87,"column":39}},"43":{"start":{"line":88,"column":27},"end":{"line":88,"column":60}},"44":{"start":{"line":89,"column":17},"end":{"line":94,"column":6}},"45":{"start":{"line":95,"column":4},"end":{"line":95,"column":31}},"46":{"start":{"line":97,"column":4},"end":{"line":97,"column":41}},"47":{"start":{"line":101,"column":14},"end":{"line":159,"column":2}},"48":{"start":{"line":101,"column":56},"end":{"line":159,"column":2}},"49":{"start":{"line":102,"column":2},"end":{"line":102,"column":23}},"50":{"start":{"line":103,"column":16},"end":{"line":103,"column":30}},"51":{"start":{"line":104,"column":19},"end":{"line":104,"column":36}},"52":{"start":{"line":106,"column":2},"end":{"line":108,"column":3}},"53":{"start":{"line":107,"column":4},"end":{"line":107,"column":61}},"54":{"start":{"line":110,"column":2},"end":{"line":158,"column":3}},"55":{"start":{"line":111,"column":17},"end":{"line":111,"column":58}},"56":{"start":{"line":112,"column":4},"end":{"line":114,"column":5}},"57":{"start":{"line":113,"column":6},"end":{"line":113,"column":59}},"58":{"start":{"line":116,"column":4},"end":{"line":121,"column":5}},"59":{"start":{"line":117,"column":22},"end":{"line":117,"column":67}},"60":{"start":{"line":118,"column":6},"end":{"line":120,"column":7}},"61":{"start":{"line":119,"column":8},"end":{"line":119,"column":61}},"62":{"start":{"line":125,"column":24},"end":{"line":128,"column":null}},"63":{"start":{"line":132,"column":25},"end":{"line":134,"column":null}},"64":{"start":{"line":137,"column":21},"end":{"line":137,"column":34}},"65":{"start":{"line":138,"column":19},"end":{"line":138,"column":30}},"66":{"start":{"line":139,"column":19},"end":{"line":139,"column":27}},"67":{"start":{"line":142,"column":4},"end":{"line":146,"column":5}},"68":{"start":{"line":143,"column":6},"end":{"line":143,"column":35}},"69":{"start":{"line":145,"column":6},"end":{"line":145,"column":37}},"70":{"start":{"line":147,"column":4},"end":{"line":147,"column":22}},"71":{"start":{"line":148,"column":4},"end":{"line":148,"column":29}},"72":{"start":{"line":149,"column":4},"end":{"line":155,"column":7}},"73":{"start":{"line":157,"column":4},"end":{"line":157,"column":48}},"74":{"start":{"line":161,"column":16},"end":{"line":207,"column":2}},"75":{"start":{"line":161,"column":58},"end":{"line":207,"column":2}},"76":{"start":{"line":162,"column":21},"end":{"line":162,"column":49}},"77":{"start":{"line":163,"column":23},"end":{"line":163,"column":61}},"78":{"start":{"line":164,"column":2},"end":{"line":164,"column":55}},"79":{"start":{"line":164,"column":28},"end":{"line":164,"column":55}},"80":{"start":{"line":166,"column":2},"end":{"line":206,"column":4}},"81":{"start":{"line":169,"column":41},"end":{"line":205,"column":null}},"82":{"start":{"line":170,"column":6},"end":{"line":173,"column":7}},"83":{"start":{"line":171,"column":8},"end":{"line":171,"column":25}},"84":{"start":{"line":172,"column":8},"end":{"line":172,"column":35}},"85":{"start":{"line":175,"column":6},"end":{"line":204,"column":7}},"86":{"start":{"line":176,"column":23},"end":{"line":176,"column":65}},"87":{"start":{"line":177,"column":8},"end":{"line":181,"column":9}},"88":{"start":{"line":178,"column":10},"end":{"line":178,"column":29}},"89":{"start":{"line":179,"column":10},"end":{"line":179,"column":30}},"90":{"start":{"line":180,"column":10},"end":{"line":180,"column":37}},"91":{"start":{"line":183,"column":28},"end":{"line":186,"column":null}},"92":{"start":{"line":188,"column":32},"end":{"line":190,"column":null}},"93":{"start":{"line":192,"column":8},"end":{"line":192,"column":80}},"94":{"start":{"line":192,"column":56},"end":{"line":192,"column":78}},"95":{"start":{"line":193,"column":8},"end":{"line":193,"column":44}},"96":{"start":{"line":194,"column":8},"end":{"line":194,"column":28}},"97":{"start":{"line":195,"column":8},"end":{"line":195,"column":50}},"98":{"start":{"line":197,"column":8},"end":{"line":200,"column":11}},"99":{"start":{"line":202,"column":8},"end":{"line":202,"column":27}},"100":{"start":{"line":203,"column":8},"end":{"line":203,"column":45}},"101":{"start":{"line":209,"column":15},"end":{"line":237,"column":2}},"102":{"start":{"line":209,"column":57},"end":{"line":237,"column":2}},"103":{"start":{"line":210,"column":21},"end":{"line":210,"column":49}},"104":{"start":{"line":211,"column":23},"end":{"line":211,"column":61}},"105":{"start":{"line":212,"column":2},"end":{"line":212,"column":56}},"106":{"start":{"line":212,"column":29},"end":{"line":212,"column":56}},"107":{"start":{"line":213,"column":2},"end":{"line":236,"column":4}},"108":{"start":{"line":216,"column":41},"end":{"line":235,"column":null}},"109":{"start":{"line":217,"column":6},"end":{"line":217,"column":42}},"110":{"start":{"line":217,"column":15},"end":{"line":217,"column":42}},"111":{"start":{"line":219,"column":6},"end":{"line":234,"column":7}},"112":{"start":{"line":220,"column":23},"end":{"line":220,"column":65}},"113":{"start":{"line":221,"column":8},"end":{"line":231,"column":9}},"114":{"start":{"line":222,"column":10},"end":{"line":222,"column":29}},"115":{"start":{"line":223,"column":10},"end":{"line":223,"column":30}},"116":{"start":{"line":225,"column":10},"end":{"line":225,"column":37}},"117":{"start":{"line":227,"column":10},"end":{"line":227,"column":74}},"118":{"start":{"line":227,"column":54},"end":{"line":227,"column":72}},"119":{"start":{"line":228,"column":10},"end":{"line":228,"column":30}},"120":{"start":{"line":229,"column":10},"end":{"line":229,"column":36}},"121":{"start":{"line":230,"column":10},"end":{"line":230,"column":37}},"122":{"start":{"line":233,"column":8},"end":{"line":233,"column":46}},"123":{"start":{"line":238,"column":0},"end":{"line":238,"column":66}}},"fnMap":{"0":{"name":"(anonymous_8)","decl":{"start":{"line":10,"column":21},"end":{"line":10,"column":28}},"loc":{"start":{"line":10,"column":59},"end":{"line":64,"column":2}}},"1":{"name":"(anonymous_9)","decl":{"start":{"line":10,"column":59},"end":{"line":10,"column":null}},"loc":{"start":{"line":10,"column":59},"end":{"line":64,"column":1}}},"2":{"name":"(anonymous_10)","decl":{"start":{"line":66,"column":17},"end":{"line":66,"column":24}},"loc":{"start":{"line":66,"column":59},"end":{"line":99,"column":2}}},"3":{"name":"(anonymous_11)","decl":{"start":{"line":66,"column":59},"end":{"line":66,"column":null}},"loc":{"start":{"line":66,"column":59},"end":{"line":99,"column":1}}},"4":{"name":"(anonymous_12)","decl":{"start":{"line":101,"column":14},"end":{"line":101,"column":21}},"loc":{"start":{"line":101,"column":56},"end":{"line":159,"column":2}}},"5":{"name":"(anonymous_13)","decl":{"start":{"line":101,"column":56},"end":{"line":101,"column":null}},"loc":{"start":{"line":101,"column":56},"end":{"line":159,"column":1}}},"6":{"name":"(anonymous_14)","decl":{"start":{"line":161,"column":16},"end":{"line":161,"column":23}},"loc":{"start":{"line":161,"column":58},"end":{"line":207,"column":2}}},"7":{"name":"(anonymous_15)","decl":{"start":{"line":161,"column":58},"end":{"line":161,"column":null}},"loc":{"start":{"line":161,"column":58},"end":{"line":207,"column":1}}},"8":{"name":"(anonymous_16)","decl":{"start":{"line":169,"column":4},"end":{"line":169,"column":11}},"loc":{"start":{"line":169,"column":41},"end":{"line":205,"column":null}}},"9":{"name":"(anonymous_17)","decl":{"start":{"line":169,"column":41},"end":{"line":169,"column":null}},"loc":{"start":{"line":169,"column":41},"end":{"line":205,"column":5}}},"10":{"name":"(anonymous_18)","decl":{"start":{"line":192,"column":45},"end":{"line":192,"column":46}},"loc":{"start":{"line":192,"column":56},"end":{"line":192,"column":78}}},"11":{"name":"(anonymous_19)","decl":{"start":{"line":209,"column":15},"end":{"line":209,"column":22}},"loc":{"start":{"line":209,"column":57},"end":{"line":237,"column":2}}},"12":{"name":"(anonymous_20)","decl":{"start":{"line":209,"column":57},"end":{"line":209,"column":null}},"loc":{"start":{"line":209,"column":57},"end":{"line":237,"column":1}}},"13":{"name":"(anonymous_21)","decl":{"start":{"line":216,"column":4},"end":{"line":216,"column":11}},"loc":{"start":{"line":216,"column":41},"end":{"line":235,"column":null}}},"14":{"name":"(anonymous_22)","decl":{"start":{"line":216,"column":41},"end":{"line":216,"column":null}},"loc":{"start":{"line":216,"column":41},"end":{"line":235,"column":5}}},"15":{"name":"(anonymous_23)","decl":{"start":{"line":227,"column":47},"end":{"line":227,"column":48}},"loc":{"start":{"line":227,"column":54},"end":{"line":227,"column":72}}}},"branchMap":{"0":{"loc":{"start":{"line":19,"column":18},"end":{"line":19,"column":32}},"type":"cond-expr","locations":[{"start":{"line":19,"column":25},"end":{"line":19,"column":27}},{"start":{"line":19,"column":18},"end":{"line":19,"column":32}}]},"1":{"loc":{"start":{"line":19,"column":18},"end":{"line":19,"column":27}},"type":"binary-expr","locations":[{"start":{"line":19,"column":18},"end":{"line":19,"column":27}},{"start":{"line":19,"column":18},"end":{"line":19,"column":27}}]},"2":{"loc":{"start":{"line":20,"column":4},"end":{"line":60,"column":5}},"type":"if","locations":[{"start":{"line":20,"column":4},"end":{"line":60,"column":5}}]},"3":{"loc":{"start":{"line":22,"column":6},"end":{"line":29,"column":7}},"type":"if","locations":[{"start":{"line":22,"column":6},"end":{"line":29,"column":7}}]},"4":{"loc":{"start":{"line":26,"column":18},"end":{"line":26,"column":34}},"type":"cond-expr","locations":[{"start":{"line":26,"column":25},"end":{"line":26,"column":27}},{"start":{"line":26,"column":18},"end":{"line":26,"column":34}}]},"5":{"loc":{"start":{"line":26,"column":18},"end":{"line":26,"column":27}},"type":"binary-expr","locations":[{"start":{"line":26,"column":18},"end":{"line":26,"column":27}},{"start":{"line":26,"column":18},"end":{"line":26,"column":27}}]},"6":{"loc":{"start":{"line":27,"column":20},"end":{"line":27,"column":33}},"type":"cond-expr","locations":[{"start":{"line":27,"column":27},"end":{"line":27,"column":29}},{"start":{"line":27,"column":20},"end":{"line":27,"column":33}}]},"7":{"loc":{"start":{"line":27,"column":20},"end":{"line":27,"column":29}},"type":"binary-expr","locations":[{"start":{"line":27,"column":20},"end":{"line":27,"column":29}},{"start":{"line":27,"column":20},"end":{"line":27,"column":29}}]},"8":{"loc":{"start":{"line":47,"column":6},"end":{"line":51,"column":7}},"type":"if","locations":[{"start":{"line":47,"column":6},"end":{"line":51,"column":7}},{"start":{"line":49,"column":13},"end":{"line":51,"column":7}}]},"9":{"loc":{"start":{"line":73,"column":2},"end":{"line":75,"column":3}},"type":"if","locations":[{"start":{"line":73,"column":2},"end":{"line":75,"column":3}}]},"10":{"loc":{"start":{"line":73,"column":6},"end":{"line":73,"column":59}},"type":"binary-expr","locations":[{"start":{"line":73,"column":6},"end":{"line":73,"column":19}},{"start":{"line":73,"column":23},"end":{"line":73,"column":39}},{"start":{"line":73,"column":43},"end":{"line":73,"column":59}}]},"11":{"loc":{"start":{"line":79,"column":4},"end":{"line":81,"column":5}},"type":"if","locations":[{"start":{"line":79,"column":4},"end":{"line":81,"column":5}}]},"12":{"loc":{"start":{"line":106,"column":2},"end":{"line":108,"column":3}},"type":"if","locations":[{"start":{"line":106,"column":2},"end":{"line":108,"column":3}}]},"13":{"loc":{"start":{"line":106,"column":6},"end":{"line":106,"column":39}},"type":"binary-expr","locations":[{"start":{"line":106,"column":6},"end":{"line":106,"column":19}},{"start":{"line":106,"column":23},"end":{"line":106,"column":39}}]},"14":{"loc":{"start":{"line":112,"column":4},"end":{"line":114,"column":5}},"type":"if","locations":[{"start":{"line":112,"column":4},"end":{"line":114,"column":5}}]},"15":{"loc":{"start":{"line":116,"column":4},"end":{"line":121,"column":5}},"type":"if","locations":[{"start":{"line":116,"column":4},"end":{"line":121,"column":5}}]},"16":{"loc":{"start":{"line":118,"column":6},"end":{"line":120,"column":7}},"type":"if","locations":[{"start":{"line":118,"column":6},"end":{"line":120,"column":7}}]},"17":{"loc":{"start":{"line":142,"column":4},"end":{"line":146,"column":5}},"type":"if","locations":[{"start":{"line":142,"column":4},"end":{"line":146,"column":5}},{"start":{"line":144,"column":11},"end":{"line":146,"column":5}}]},"18":{"loc":{"start":{"line":163,"column":23},"end":{"line":163,"column":61}},"type":"binary-expr","locations":[{"start":{"line":163,"column":23},"end":{"line":163,"column":33}},{"start":{"line":163,"column":37},"end":{"line":163,"column":61}}]},"19":{"loc":{"start":{"line":164,"column":2},"end":{"line":164,"column":55}},"type":"if","locations":[{"start":{"line":164,"column":2},"end":{"line":164,"column":55}}]},"20":{"loc":{"start":{"line":170,"column":6},"end":{"line":173,"column":7}},"type":"if","locations":[{"start":{"line":170,"column":6},"end":{"line":173,"column":7}}]},"21":{"loc":{"start":{"line":177,"column":8},"end":{"line":181,"column":9}},"type":"if","locations":[{"start":{"line":177,"column":8},"end":{"line":181,"column":9}}]},"22":{"loc":{"start":{"line":177,"column":12},"end":{"line":177,"column":67}},"type":"binary-expr","locations":[{"start":{"line":177,"column":12},"end":{"line":177,"column":26}},{"start":{"line":177,"column":30},"end":{"line":177,"column":67}}]},"23":{"loc":{"start":{"line":211,"column":23},"end":{"line":211,"column":61}},"type":"binary-expr","locations":[{"start":{"line":211,"column":23},"end":{"line":211,"column":33}},{"start":{"line":211,"column":37},"end":{"line":211,"column":61}}]},"24":{"loc":{"start":{"line":212,"column":2},"end":{"line":212,"column":56}},"type":"if","locations":[{"start":{"line":212,"column":2},"end":{"line":212,"column":56}}]},"25":{"loc":{"start":{"line":217,"column":6},"end":{"line":217,"column":42}},"type":"if","locations":[{"start":{"line":217,"column":6},"end":{"line":217,"column":42}}]},"26":{"loc":{"start":{"line":221,"column":8},"end":{"line":231,"column":9}},"type":"if","locations":[{"start":{"line":221,"column":8},"end":{"line":231,"column":9}},{"start":{"line":226,"column":15},"end":{"line":231,"column":9}}]},"27":{"loc":{"start":{"line":221,"column":12},"end":{"line":221,"column":67}},"type":"binary-expr","locations":[{"start":{"line":221,"column":12},"end":{"line":221,"column":26}},{"start":{"line":221,"column":30},"end":{"line":221,"column":67}}]}},"s":{"0":4,"1":4,"2":4,"3":4,"4":4,"5":4,"6":0,"7":0,"8":0,"9":0,"10":0,"11":0,"12":0,"13":0,"14":0,"15":0,"16":0,"17":0,"18":0,"19":0,"20":0,"21":0,"22":0,"23":0,"24":0,"25":0,"26":0,"27":4,"28":7,"29":7,"30":7,"31":7,"32":7,"33":7,"34":7,"35":1,"36":6,"37":6,"38":6,"39":2,"40":0,"41":4,"42":4,"43":4,"44":4,"45":4,"46":0,"47":4,"48":7,"49":7,"50":7,"51":7,"52":7,"53":1,"54":6,"55":6,"56":6,"57":1,"58":5,"59":5,"60":5,"61":1,"62":4,"63":4,"64":4,"65":4,"66":4,"67":4,"68":0,"69":4,"70":4,"71":4,"72":4,"73":0,"74":4,"75":6,"76":6,"77":6,"78":6,"79":1,"80":5,"81":5,"82":5,"83":0,"84":0,"85":5,"86":5,"87":5,"88":1,"89":1,"90":1,"91":4,"92":4,"93":4,"94":4,"95":4,"96":4,"97":4,"98":4,"99":0,"100":0,"101":4,"102":3,"103":3,"104":3,"105":3,"106":0,"107":3,"108":3,"109":3,"110":1,"111":2,"112":2,"113":2,"114":1,"115":1,"116":1,"117":1,"118":1,"119":1,"120":1,"121":1,"122":0,"123":4},"f":{"0":0,"1":0,"2":7,"3":7,"4":7,"5":7,"6":6,"7":6,"8":5,"9":5,"10":4,"11":3,"12":3,"13":3,"14":3,"15":1},"b":{"0":[0,0],"1":[0,0],"2":[0],"3":[0],"4":[0,0],"5":[0,0],"6":[0,0],"7":[0,0],"8":[0,0],"9":[1],"10":[7,7,6],"11":[2],"12":[1],"13":[7,6],"14":[1],"15":[5],"16":[1],"17":[0,4],"18":[6,6],"19":[1],"20":[0],"21":[1],"22":[5,5],"23":[3,3],"24":[0],"25":[1],"26":[1,1],"27":[2,2]}}
,"C:\\Users\\LENOVO\\Desktop\\‏‏תיקיה חדשה\\Travel Easily Server (2) (1)\\Travel Easily Server\\src\\controllers\\trips_controller.ts": {"path":"C:\\Users\\LENOVO\\Desktop\\‏‏תיקיה חדשה\\Travel Easily Server (2) (1)\\Travel Easily Server\\src\\controllers\\trips_controller.ts","statementMap":{"0":{"start":{"line":1,"column":0},"end":{"line":1,"column":54}},"1":{"start":{"line":15,"column":20},"end":{"line":24,"column":2}},"2":{"start":{"line":15,"column":58},"end":{"line":24,"column":2}},"3":{"start":{"line":16,"column":2},"end":{"line":16,"column":31}},"4":{"start":{"line":17,"column":18},"end":{"line":17,"column":36}},"5":{"start":{"line":18,"column":2},"end":{"line":23,"column":3}},"6":{"start":{"line":19,"column":4},"end":{"line":19,"column":34}},"7":{"start":{"line":21,"column":4},"end":{"line":21,"column":21}},"8":{"start":{"line":22,"column":4},"end":{"line":22,"column":51}},"9":{"start":{"line":26,"column":21},"end":{"line":37,"column":2}},"10":{"start":{"line":26,"column":59},"end":{"line":37,"column":2}},"11":{"start":{"line":27,"column":2},"end":{"line":27,"column":45}},"12":{"start":{"line":28,"column":2},"end":{"line":36,"column":3}},"13":{"start":{"line":30,"column":18},"end":{"line":30,"column":60}},"14":{"start":{"line":31,"column":4},"end":{"line":31,"column":61}},"15":{"start":{"line":31,"column":26},"end":{"line":31,"column":61}},"16":{"start":{"line":32,"column":4},"end":{"line":32,"column":32}},"17":{"start":{"line":34,"column":4},"end":{"line":34,"column":23}},"18":{"start":{"line":35,"column":4},"end":{"line":35,"column":51}},"19":{"start":{"line":39,"column":20},"end":{"line":48,"column":2}},"20":{"start":{"line":39,"column":58},"end":{"line":48,"column":2}},"21":{"start":{"line":40,"column":2},"end":{"line":40,"column":45}},"22":{"start":{"line":41,"column":2},"end":{"line":47,"column":3}},"23":{"start":{"line":42,"column":18},"end":{"line":42,"column":58}},"24":{"start":{"line":43,"column":4},"end":{"line":43,"column":32}},"25":{"start":{"line":45,"column":4},"end":{"line":45,"column":23}},"26":{"start":{"line":46,"column":4},"end":{"line":46,"column":51}},"27":{"start":{"line":50,"column":13},"end":{"line":71,"column":2}},"28":{"start":{"line":50,"column":55},"end":{"line":71,"column":2}},"29":{"start":{"line":51,"column":2},"end":{"line":51,"column":39}},"30":{"start":{"line":52,"column":17},"end":{"line":52,"column":30}},"31":{"start":{"line":53,"column":19},"end":{"line":53,"column":37}},"32":{"start":{"line":54,"column":17},"end":{"line":54,"column":33}},"33":{"start":{"line":55,"column":2},"end":{"line":55,"column":26}},"34":{"start":{"line":56,"column":2},"end":{"line":56,"column":31}},"35":{"start":{"line":57,"column":2},"end":{"line":57,"column":27}},"36":{"start":{"line":58,"column":2},"end":{"line":58,"column":65}},"37":{"start":{"line":60,"column":14},"end":{"line":60,"column":33}},"38":{"start":{"line":61,"column":2},"end":{"line":70,"column":3}},"39":{"start":{"line":62,"column":4},"end":{"line":62,"column":21}},"40":{"start":{"line":63,"column":4},"end":{"line":63,"column":76}},"41":{"start":{"line":64,"column":4},"end":{"line":64,"column":67}},"42":{"start":{"line":66,"column":4},"end":{"line":66,"column":31}},"43":{"start":{"line":68,"column":4},"end":{"line":68,"column":21}},"44":{"start":{"line":69,"column":4},"end":{"line":69,"column":51}},"45":{"start":{"line":73,"column":16},"end":{"line":94,"column":2}},"46":{"start":{"line":73,"column":58},"end":{"line":94,"column":2}},"47":{"start":{"line":74,"column":2},"end":{"line":74,"column":39}},"48":{"start":{"line":75,"column":17},"end":{"line":75,"column":29}},"49":{"start":{"line":76,"column":16},"end":{"line":76,"column":29}},"50":{"start":{"line":78,"column":2},"end":{"line":93,"column":3}},"51":{"start":{"line":79,"column":16},"end":{"line":79,"column":66}},"52":{"start":{"line":80,"column":4},"end":{"line":84,"column":5}},"53":{"start":{"line":81,"column":6},"end":{"line":83,"column":9}},"54":{"start":{"line":86,"column":22},"end":{"line":88,"column":6}},"55":{"start":{"line":90,"column":4},"end":{"line":90,"column":24}},"56":{"start":{"line":92,"column":4},"end":{"line":92,"column":51}},"57":{"start":{"line":96,"column":19},"end":{"line":115,"column":2}},"58":{"start":{"line":96,"column":61},"end":{"line":115,"column":2}},"59":{"start":{"line":97,"column":2},"end":{"line":114,"column":3}},"60":{"start":{"line":98,"column":19},"end":{"line":98,"column":31}},"61":{"start":{"line":99,"column":18},"end":{"line":99,"column":31}},"62":{"start":{"line":102,"column":16},"end":{"line":102,"column":66}},"63":{"start":{"line":104,"column":4},"end":{"line":108,"column":5}},"64":{"start":{"line":105,"column":6},"end":{"line":107,"column":9}},"65":{"start":{"line":110,"column":4},"end":{"line":110,"column":42}},"66":{"start":{"line":111,"column":4},"end":{"line":111,"column":43}},"67":{"start":{"line":113,"column":4},"end":{"line":113,"column":51}},"68":{"start":{"line":117,"column":19},"end":{"line":153,"column":2}},"69":{"start":{"line":117,"column":61},"end":{"line":153,"column":2}},"70":{"start":{"line":118,"column":2},"end":{"line":152,"column":3}},"71":{"start":{"line":120,"column":19},"end":{"line":120,"column":36}},"72":{"start":{"line":122,"column":4},"end":{"line":124,"column":5}},"73":{"start":{"line":123,"column":6},"end":{"line":123,"column":60}},"74":{"start":{"line":125,"column":21},"end":{"line":125,"column":38}},"75":{"start":{"line":126,"column":21},"end":{"line":126,"column":33}},"76":{"start":{"line":127,"column":24},"end":{"line":127,"column":32}},"77":{"start":{"line":130,"column":17},"end":{"line":130,"column":45}},"78":{"start":{"line":131,"column":4},"end":{"line":133,"column":5}},"79":{"start":{"line":132,"column":6},"end":{"line":132,"column":52}},"80":{"start":{"line":136,"column":4},"end":{"line":141,"column":7}},"81":{"start":{"line":142,"column":4},"end":{"line":142,"column":25}},"82":{"start":{"line":145,"column":4},"end":{"line":145,"column":22}},"83":{"start":{"line":148,"column":4},"end":{"line":148,"column":31}},"84":{"start":{"line":151,"column":4},"end":{"line":151,"column":40}},"85":{"start":{"line":155,"column":22},"end":{"line":175,"column":2}},"86":{"start":{"line":155,"column":64},"end":{"line":175,"column":2}},"87":{"start":{"line":156,"column":2},"end":{"line":174,"column":3}},"88":{"start":{"line":157,"column":19},"end":{"line":157,"column":36}},"89":{"start":{"line":158,"column":22},"end":{"line":158,"column":42}},"90":{"start":{"line":160,"column":17},"end":{"line":160,"column":45}},"91":{"start":{"line":161,"column":4},"end":{"line":163,"column":5}},"92":{"start":{"line":162,"column":6},"end":{"line":162,"column":52}},"93":{"start":{"line":165,"column":4},"end":{"line":167,"column":6}},"94":{"start":{"line":166,"column":19},"end":{"line":166,"column":44}},"95":{"start":{"line":168,"column":4},"end":{"line":168,"column":77}},"96":{"start":{"line":169,"column":4},"end":{"line":169,"column":22}},"97":{"start":{"line":171,"column":4},"end":{"line":171,"column":31}},"98":{"start":{"line":173,"column":4},"end":{"line":173,"column":40}},"99":{"start":{"line":177,"column":16},"end":{"line":202,"column":2}},"100":{"start":{"line":177,"column":58},"end":{"line":202,"column":2}},"101":{"start":{"line":178,"column":2},"end":{"line":201,"column":3}},"102":{"start":{"line":179,"column":19},"end":{"line":179,"column":36}},"103":{"start":{"line":180,"column":19},"end":{"line":180,"column":31}},"104":{"start":{"line":181,"column":4},"end":{"line":181,"column":28}},"105":{"start":{"line":183,"column":17},"end":{"line":183,"column":45}},"106":{"start":{"line":184,"column":4},"end":{"line":186,"column":5}},"107":{"start":{"line":185,"column":6},"end":{"line":185,"column":52}},"108":{"start":{"line":188,"column":4},"end":{"line":193,"column":5}},"109":{"start":{"line":188,"column":35},"end":{"line":188,"column":56}},"110":{"start":{"line":189,"column":6},"end":{"line":189,"column":41}},"111":{"start":{"line":190,"column":6},"end":{"line":190,"column":24}},"112":{"start":{"line":191,"column":6},"end":{"line":191,"column":24}},"113":{"start":{"line":192,"column":6},"end":{"line":192,"column":40}},"114":{"start":{"line":194,"column":4},"end":{"line":194,"column":68}},"115":{"start":{"line":194,"column":45},"end":{"line":194,"column":66}},"116":{"start":{"line":195,"column":4},"end":{"line":195,"column":22}},"117":{"start":{"line":196,"column":4},"end":{"line":196,"column":22}},"118":{"start":{"line":197,"column":4},"end":{"line":197,"column":38}},"119":{"start":{"line":200,"column":4},"end":{"line":200,"column":40}},"120":{"start":{"line":225,"column":0},"end":{"line":235,"column":2}}},"fnMap":{"0":{"name":"(anonymous_8)","decl":{"start":{"line":15,"column":20},"end":{"line":15,"column":27}},"loc":{"start":{"line":15,"column":58},"end":{"line":24,"column":2}}},"1":{"name":"(anonymous_9)","decl":{"start":{"line":15,"column":58},"end":{"line":15,"column":null}},"loc":{"start":{"line":15,"column":58},"end":{"line":24,"column":1}}},"2":{"name":"(anonymous_10)","decl":{"start":{"line":26,"column":21},"end":{"line":26,"column":28}},"loc":{"start":{"line":26,"column":59},"end":{"line":37,"column":2}}},"3":{"name":"(anonymous_11)","decl":{"start":{"line":26,"column":59},"end":{"line":26,"column":null}},"loc":{"start":{"line":26,"column":59},"end":{"line":37,"column":1}}},"4":{"name":"(anonymous_12)","decl":{"start":{"line":39,"column":20},"end":{"line":39,"column":27}},"loc":{"start":{"line":39,"column":58},"end":{"line":48,"column":2}}},"5":{"name":"(anonymous_13)","decl":{"start":{"line":39,"column":58},"end":{"line":39,"column":null}},"loc":{"start":{"line":39,"column":58},"end":{"line":48,"column":1}}},"6":{"name":"(anonymous_14)","decl":{"start":{"line":50,"column":13},"end":{"line":50,"column":20}},"loc":{"start":{"line":50,"column":55},"end":{"line":71,"column":2}}},"7":{"name":"(anonymous_15)","decl":{"start":{"line":50,"column":55},"end":{"line":50,"column":null}},"loc":{"start":{"line":50,"column":55},"end":{"line":71,"column":1}}},"8":{"name":"(anonymous_16)","decl":{"start":{"line":73,"column":16},"end":{"line":73,"column":23}},"loc":{"start":{"line":73,"column":58},"end":{"line":94,"column":2}}},"9":{"name":"(anonymous_17)","decl":{"start":{"line":73,"column":58},"end":{"line":73,"column":null}},"loc":{"start":{"line":73,"column":58},"end":{"line":94,"column":1}}},"10":{"name":"(anonymous_18)","decl":{"start":{"line":96,"column":19},"end":{"line":96,"column":26}},"loc":{"start":{"line":96,"column":61},"end":{"line":115,"column":2}}},"11":{"name":"(anonymous_19)","decl":{"start":{"line":96,"column":61},"end":{"line":96,"column":null}},"loc":{"start":{"line":96,"column":61},"end":{"line":115,"column":1}}},"12":{"name":"(anonymous_20)","decl":{"start":{"line":117,"column":19},"end":{"line":117,"column":26}},"loc":{"start":{"line":117,"column":61},"end":{"line":153,"column":2}}},"13":{"name":"(anonymous_21)","decl":{"start":{"line":117,"column":61},"end":{"line":117,"column":null}},"loc":{"start":{"line":117,"column":61},"end":{"line":153,"column":1}}},"14":{"name":"(anonymous_22)","decl":{"start":{"line":155,"column":22},"end":{"line":155,"column":29}},"loc":{"start":{"line":155,"column":64},"end":{"line":175,"column":2}}},"15":{"name":"(anonymous_23)","decl":{"start":{"line":155,"column":64},"end":{"line":155,"column":null}},"loc":{"start":{"line":155,"column":64},"end":{"line":175,"column":1}}},"16":{"name":"(anonymous_24)","decl":{"start":{"line":166,"column":6},"end":{"line":166,"column":7}},"loc":{"start":{"line":166,"column":19},"end":{"line":166,"column":44}}},"17":{"name":"(anonymous_25)","decl":{"start":{"line":177,"column":16},"end":{"line":177,"column":23}},"loc":{"start":{"line":177,"column":58},"end":{"line":202,"column":2}}},"18":{"name":"(anonymous_26)","decl":{"start":{"line":177,"column":58},"end":{"line":177,"column":null}},"loc":{"start":{"line":177,"column":58},"end":{"line":202,"column":1}}},"19":{"name":"(anonymous_27)","decl":{"start":{"line":188,"column":25},"end":{"line":188,"column":26}},"loc":{"start":{"line":188,"column":35},"end":{"line":188,"column":56}}},"20":{"name":"(anonymous_28)","decl":{"start":{"line":194,"column":35},"end":{"line":194,"column":36}},"loc":{"start":{"line":194,"column":45},"end":{"line":194,"column":66}}}},"branchMap":{"0":{"loc":{"start":{"line":31,"column":4},"end":{"line":31,"column":61}},"type":"if","locations":[{"start":{"line":31,"column":4},"end":{"line":31,"column":61}}]},"1":{"loc":{"start":{"line":52,"column":17},"end":{"line":52,"column":30}},"type":"cond-expr","locations":[{"start":{"line":52,"column":25},"end":{"line":52,"column":27}},{"start":{"line":52,"column":25},"end":{"line":52,"column":30}}]},"2":{"loc":{"start":{"line":52,"column":17},"end":{"line":52,"column":27}},"type":"binary-expr","locations":[{"start":{"line":52,"column":17},"end":{"line":52,"column":27}},{"start":{"line":52,"column":25},"end":{"line":52,"column":27}}]},"3":{"loc":{"start":{"line":53,"column":19},"end":{"line":53,"column":37}},"type":"cond-expr","locations":[{"start":{"line":53,"column":27},"end":{"line":53,"column":29}},{"start":{"line":53,"column":27},"end":{"line":53,"column":37}}]},"4":{"loc":{"start":{"line":53,"column":19},"end":{"line":53,"column":29}},"type":"binary-expr","locations":[{"start":{"line":53,"column":19},"end":{"line":53,"column":29}},{"start":{"line":53,"column":27},"end":{"line":53,"column":29}}]},"5":{"loc":{"start":{"line":54,"column":17},"end":{"line":54,"column":33}},"type":"cond-expr","locations":[{"start":{"line":54,"column":25},"end":{"line":54,"column":27}},{"start":{"line":54,"column":25},"end":{"line":54,"column":33}}]},"6":{"loc":{"start":{"line":54,"column":17},"end":{"line":54,"column":27}},"type":"binary-expr","locations":[{"start":{"line":54,"column":17},"end":{"line":54,"column":27}},{"start":{"line":54,"column":25},"end":{"line":54,"column":27}}]},"7":{"loc":{"start":{"line":80,"column":4},"end":{"line":84,"column":5}},"type":"if","locations":[{"start":{"line":80,"column":4},"end":{"line":84,"column":5}}]},"8":{"loc":{"start":{"line":104,"column":4},"end":{"line":108,"column":5}},"type":"if","locations":[{"start":{"line":104,"column":4},"end":{"line":108,"column":5}}]},"9":{"loc":{"start":{"line":122,"column":4},"end":{"line":124,"column":5}},"type":"if","locations":[{"start":{"line":122,"column":4},"end":{"line":124,"column":5}}]},"10":{"loc":{"start":{"line":131,"column":4},"end":{"line":133,"column":5}},"type":"if","locations":[{"start":{"line":131,"column":4},"end":{"line":133,"column":5}}]},"11":{"loc":{"start":{"line":161,"column":4},"end":{"line":163,"column":5}},"type":"if","locations":[{"start":{"line":161,"column":4},"end":{"line":163,"column":5}}]},"12":{"loc":{"start":{"line":168,"column":4},"end":{"line":168,"column":76}},"type":"cond-expr","locations":[{"start":{"line":168,"column":29},"end":{"line":168,"column":49}},{"start":{"line":168,"column":53},"end":{"line":168,"column":75}}]},"13":{"loc":{"start":{"line":184,"column":4},"end":{"line":186,"column":5}},"type":"if","locations":[{"start":{"line":184,"column":4},"end":{"line":186,"column":5}}]},"14":{"loc":{"start":{"line":188,"column":4},"end":{"line":193,"column":5}},"type":"if","locations":[{"start":{"line":188,"column":4},"end":{"line":193,"column":5}}]}},"s":{"0":4,"1":4,"2":16,"3":16,"4":16,"5":16,"6":16,"7":0,"8":0,"9":4,"10":2,"11":2,"12":2,"13":2,"14":2,"15":1,"16":1,"17":0,"18":0,"19":4,"20":2,"21":2,"22":2,"23":2,"24":1,"25":1,"26":1,"27":4,"28":3,"29":3,"30":3,"31":3,"32":3,"33":3,"34":3,"35":3,"36":3,"37":3,"38":3,"39":3,"40":2,"41":2,"42":2,"43":1,"44":1,"45":4,"46":3,"47":3,"48":3,"49":3,"50":3,"51":3,"52":2,"53":1,"54":1,"55":1,"56":1,"57":4,"58":3,"59":3,"60":3,"61":3,"62":3,"63":2,"64":1,"65":1,"66":1,"67":1,"68":4,"69":3,"70":3,"71":3,"72":3,"73":0,"74":3,"75":3,"76":3,"77":3,"78":2,"79":1,"80":1,"81":1,"82":1,"83":1,"84":1,"85":4,"86":1,"87":1,"88":1,"89":1,"90":1,"91":1,"92":0,"93":1,"94":1,"95":1,"96":1,"97":1,"98":0,"99":4,"100":4,"101":4,"102":4,"103":4,"104":4,"105":4,"106":3,"107":1,"108":2,"109":1,"110":1,"111":1,"112":1,"113":1,"114":1,"115":1,"116":1,"117":1,"118":1,"119":1,"120":4},"f":{"0":16,"1":16,"2":2,"3":2,"4":2,"5":2,"6":3,"7":3,"8":3,"9":3,"10":3,"11":3,"12":3,"13":3,"14":1,"15":1,"16":1,"17":4,"18":4,"19":1,"20":1},"b":{"0":[1],"1":[0,3],"2":[3,3],"3":[0,3],"4":[3,3],"5":[0,3],"6":[3,3],"7":[1],"8":[1],"9":[0],"10":[1],"11":[0],"12":[1,0],"13":[1],"14":[1]}}
,"C:\\Users\\LENOVO\\Desktop\\‏‏תיקיה חדשה\\Travel Easily Server (2) (1)\\Travel Easily Server\\src\\controllers\\user_controller.ts": {"path":"C:\\Users\\LENOVO\\Desktop\\‏‏תיקיה חדשה\\Travel Easily Server (2) (1)\\Travel Easily Server\\src\\controllers\\user_controller.ts","statementMap":{"0":{"start":{"line":1,"column":0},"end":{"line":1,"column":42}},"1":{"start":{"line":2,"column":0},"end":{"line":2,"column":42}},"2":{"start":{"line":13,"column":23},"end":{"line":44,"column":2}},"3":{"start":{"line":13,"column":65},"end":{"line":44,"column":2}},"4":{"start":{"line":14,"column":2},"end":{"line":14,"column":39}},"5":{"start":{"line":15,"column":17},"end":{"line":15,"column":30}},"6":{"start":{"line":16,"column":2},"end":{"line":43,"column":3}},"7":{"start":{"line":17,"column":16},"end":{"line":17,"column":52}},"8":{"start":{"line":18,"column":4},"end":{"line":22,"column":5}},"9":{"start":{"line":19,"column":6},"end":{"line":21,"column":9}},"10":{"start":{"line":24,"column":23},"end":{"line":26,"column":6}},"11":{"start":{"line":29,"column":4},"end":{"line":39,"column":5}},"12":{"start":{"line":30,"column":6},"end":{"line":38,"column":8}},"13":{"start":{"line":40,"column":4},"end":{"line":40,"column":37}},"14":{"start":{"line":42,"column":4},"end":{"line":42,"column":51}},"15":{"start":{"line":46,"column":0},"end":{"line":48,"column":2}}},"fnMap":{"0":{"name":"(anonymous_8)","decl":{"start":{"line":13,"column":23},"end":{"line":13,"column":30}},"loc":{"start":{"line":13,"column":65},"end":{"line":44,"column":2}}},"1":{"name":"(anonymous_9)","decl":{"start":{"line":13,"column":65},"end":{"line":13,"column":null}},"loc":{"start":{"line":13,"column":65},"end":{"line":44,"column":1}}}},"branchMap":{"0":{"loc":{"start":{"line":18,"column":4},"end":{"line":22,"column":5}},"type":"if","locations":[{"start":{"line":18,"column":4},"end":{"line":22,"column":5}}]},"1":{"loc":{"start":{"line":29,"column":4},"end":{"line":39,"column":5}},"type":"if","locations":[{"start":{"line":29,"column":4},"end":{"line":39,"column":5}}]}},"s":{"0":4,"1":4,"2":4,"3":3,"4":3,"5":3,"6":3,"7":3,"8":2,"9":1,"10":1,"11":1,"12":1,"13":1,"14":1,"15":4},"f":{"0":3,"1":3},"b":{"0":[1],"1":[1]}}
,"C:\\Users\\LENOVO\\Desktop\\‏‏תיקיה חדשה\\Travel Easily Server (2) (1)\\Travel Easily Server\\src\\models\\trips_model.ts": {"path":"C:\\Users\\LENOVO\\Desktop\\‏‏תיקיה חדשה\\Travel Easily Server (2) (1)\\Travel Easily Server\\src\\models\\trips_model.ts","statementMap":{"0":{"start":{"line":1,"column":0},"end":{"line":1,"column":32}},"1":{"start":{"line":29,"column":20},"end":{"line":86,"column":2}},"2":{"start":{"line":88,"column":0},"end":{"line":88,"column":59}}},"fnMap":{},"branchMap":{},"s":{"0":4,"1":4,"2":4},"f":{},"b":{}}
,"C:\\Users\\LENOVO\\Desktop\\‏‏תיקיה חדשה\\Travel Easily Server (2) (1)\\Travel Easily Server\\src\\models\\users_model.ts": {"path":"C:\\Users\\LENOVO\\Desktop\\‏‏תיקיה חדשה\\Travel Easily Server (2) (1)\\Travel Easily Server\\src\\models\\users_model.ts","statementMap":{"0":{"start":{"line":1,"column":0},"end":{"line":1,"column":32}},"1":{"start":{"line":13,"column":20},"end":{"line":38,"column":2}},"2":{"start":{"line":40,"column":0},"end":{"line":40,"column":59}}},"fnMap":{},"branchMap":{},"s":{"0":4,"1":4,"2":4},"f":{},"b":{}}
,"C:\\Users\\LENOVO\\Desktop\\‏‏תיקיה חדשה\\Travel Easily Server (2) (1)\\Travel Easily Server\\src\\routes\\auth_route.ts": {"path":"C:\\Users\\LENOVO\\Desktop\\‏‏תיקיה חדשה\\Travel Easily Server (2) (1)\\Travel Easily Server\\src\\routes\\auth_route.ts","statementMap":{"0":{"start":{"line":1,"column":0},"end":{"line":1,"column":30}},"1":{"start":{"line":2,"column":15},"end":{"line":2,"column":31}},"2":{"start":{"line":3,"column":0},"end":{"line":3,"column":60}},"3":{"start":{"line":5,"column":0},"end":{"line":5,"column":44}},"4":{"start":{"line":7,"column":0},"end":{"line":7,"column":50}},"5":{"start":{"line":9,"column":0},"end":{"line":9,"column":52}},"6":{"start":{"line":11,"column":0},"end":{"line":11,"column":46}},"7":{"start":{"line":13,"column":0},"end":{"line":13,"column":48}},"8":{"start":{"line":15,"column":0},"end":{"line":15,"column":22}}},"fnMap":{},"branchMap":{},"s":{"0":4,"1":4,"2":4,"3":4,"4":4,"5":4,"6":4,"7":4,"8":4},"f":{},"b":{}}
,"C:\\Users\\LENOVO\\Desktop\\‏‏תיקיה חדשה\\Travel Easily Server (2) (1)\\Travel Easily Server\\src\\routes\\file_route.ts": {"path":"C:\\Users\\LENOVO\\Desktop\\‏‏תיקיה חדשה\\Travel Easily Server (2) (1)\\Travel Easily Server\\src\\routes\\file_route.ts","statementMap":{"0":{"start":{"line":1,"column":0},"end":{"line":1,"column":30}},"1":{"start":{"line":2,"column":15},"end":{"line":2,"column":31}},"2":{"start":{"line":3,"column":0},"end":{"line":3,"column":28}},"3":{"start":{"line":6,"column":13},"end":{"line":6,"column":36}},"4":{"start":{"line":8,"column":16},"end":{"line":21,"column":2}},"5":{"start":{"line":10,"column":4},"end":{"line":10,"column":24}},"6":{"start":{"line":13,"column":16},"end":{"line":13,"column":50}},"7":{"start":{"line":14,"column":17},"end":{"line":14,"column":27}},"8":{"start":{"line":15,"column":26},"end":{"line":18,"column":27}},"9":{"start":{"line":19,"column":4},"end":{"line":19,"column":40}},"10":{"start":{"line":23,"column":15},"end":{"line":23,"column":43}},"11":{"start":{"line":26,"column":0},"end":{"line":35,"column":3}},"12":{"start":{"line":28,"column":19},"end":{"line":28,"column":52}},"13":{"start":{"line":31,"column":2},"end":{"line":31,"column":61}},"14":{"start":{"line":34,"column":2},"end":{"line":34,"column":55}},"15":{"start":{"line":37,"column":0},"end":{"line":37,"column":16}}},"fnMap":{"0":{"name":"(anonymous_1)","decl":{"start":{"line":9,"column":15},"end":{"line":9,"column":25}},"loc":{"start":{"line":9,"column":38},"end":{"line":11,"column":3}}},"1":{"name":"(anonymous_2)","decl":{"start":{"line":12,"column":12},"end":{"line":12,"column":22}},"loc":{"start":{"line":12,"column":35},"end":{"line":20,"column":3}}},"2":{"name":"(anonymous_3)","decl":{"start":{"line":26,"column":40},"end":{"line":26,"column":50}},"loc":{"start":{"line":26,"column":58},"end":{"line":35,"column":1}}}},"branchMap":{},"s":{"0":4,"1":4,"2":4,"3":4,"4":4,"5":1,"6":1,"7":1,"8":1,"9":1,"10":4,"11":4,"12":1,"13":1,"14":1,"15":4},"f":{"0":1,"1":1,"2":1},"b":{}}
,"C:\\Users\\LENOVO\\Desktop\\‏‏תיקיה חדשה\\Travel Easily Server (2) (1)\\Travel Easily Server\\src\\routes\\trips_route.ts": {"path":"C:\\Users\\LENOVO\\Desktop\\‏‏תיקיה חדשה\\Travel Easily Server (2) (1)\\Travel Easily Server\\src\\routes\\trips_route.ts","statementMap":{"0":{"start":{"line":1,"column":0},"end":{"line":1,"column":30}},"1":{"start":{"line":2,"column":15},"end":{"line":2,"column":31}},"2":{"start":{"line":3,"column":0},"end":{"line":3,"column":62}},"3":{"start":{"line":4,"column":0},"end":{"line":4,"column":55}},"4":{"start":{"line":6,"column":0},"end":{"line":6,"column":45}},"5":{"start":{"line":7,"column":0},"end":{"line":7,"column":65}},"6":{"start":{"line":8,"column":0},"end":{"line":8,"column":69}},"7":{"start":{"line":9,"column":0},"end":{"line":9,"column":55}},"8":{"start":{"line":10,"column":0},"end":{"line":10,"column":60}},"9":{"start":{"line":11,"column":0},"end":{"line":15,"column":2}},"10":{"start":{"line":18,"column":0},"end":{"line":22,"column":2}},"11":{"start":{"line":24,"column":0},"end":{"line":28,"column":2}},"12":{"start":{"line":31,"column":0},"end":{"line":35,"column":2}},"13":{"start":{"line":44,"column":0},"end":{"line":44,"column":22}}},"fnMap":{},"branchMap":{},"s":{"0":4,"1":4,"2":4,"3":4,"4":4,"5":4,"6":4,"7":4,"8":4,"9":4,"10":4,"11":4,"12":4,"13":4},"f":{},"b":{}}
,"C:\\Users\\LENOVO\\Desktop\\‏‏תיקיה חדשה\\Travel Easily Server (2) (1)\\Travel Easily Server\\src\\routes\\user_route.ts": {"path":"C:\\Users\\LENOVO\\Desktop\\‏‏תיקיה חדשה\\Travel Easily Server (2) (1)\\Travel Easily Server\\src\\routes\\user_route.ts","statementMap":{"0":{"start":{"line":1,"column":0},"end":{"line":1,"column":30}},"1":{"start":{"line":2,"column":15},"end":{"line":2,"column":31}},"2":{"start":{"line":3,"column":0},"end":{"line":3,"column":60}},"3":{"start":{"line":4,"column":0},"end":{"line":4,"column":55}},"4":{"start":{"line":6,"column":0},"end":{"line":6,"column":66}},"5":{"start":{"line":8,"column":0},"end":{"line":8,"column":22}}},"fnMap":{},"branchMap":{},"s":{"0":4,"1":4,"2":4,"3":4,"4":4,"5":4},"f":{},"b":{}}
}
