TN:
SF:src\app.ts
FN:22,(anonymous_1)
FNF:1
FNH:0
FNDA:0,(anonymous_1)
DA:1,4
DA:2,4
DA:3,4
DA:4,4
DA:5,4
DA:6,4
DA:7,4
DA:9,4
DA:10,4
DA:11,4
DA:12,4
DA:13,4
DA:14,4
DA:16,4
DA:19,4
DA:20,4
DA:21,4
DA:22,4
DA:23,0
DA:26,4
DA:39,4
DA:40,4
DA:42,4
DA:43,4
DA:44,4
DA:46,4
DA:47,4
DA:48,4
DA:49,4
DA:50,4
DA:52,4
LF:31
LH:30
BRDA:16,0,0,4
BRDA:16,0,1,0
BRF:2
BRH:1
end_of_record
TN:
SF:src\common\auth_middleware.ts
FN:8,(anonymous_1)
FNF:1
FNH:0
FNDA:0,(anonymous_1)
DA:1,4
DA:8,4
DA:13,0
DA:14,0
DA:16,0
DA:17,0
DA:20,0
DA:21,0
DA:23,0
DA:28,0
DA:29,0
DA:31,0
DA:34,0
DA:38,4
LF:14
LH:3
BRDA:14,0,0,0
BRDA:14,0,1,0
BRDA:16,1,0,0
BRDA:23,2,0,0
BRDA:23,2,1,0
BRDA:24,3,0,0
BRDA:24,3,1,0
BRDA:24,3,2,0
BRF:8
BRH:0
end_of_record
TN:
SF:src\controllers\auth_controller.ts
FN:10,(anonymous_8)
FN:10,(anonymous_9)
FN:63,(anonymous_10)
FN:63,(anonymous_11)
FN:97,(anonymous_12)
FN:97,(anonymous_13)
FN:151,(anonymous_14)
FN:151,(anonymous_15)
FN:159,(anonymous_16)
FN:159,(anonymous_17)
FN:198,(anonymous_18)
FN:198,(anonymous_19)
FNF:12
FNH:0
FNDA:0,(anonymous_8)
FNDA:0,(anonymous_9)
FNDA:0,(anonymous_10)
FNDA:0,(anonymous_11)
FNDA:0,(anonymous_12)
FNDA:0,(anonymous_13)
FNDA:0,(anonymous_14)
FNDA:0,(anonymous_15)
FNDA:0,(anonymous_16)
FNDA:0,(anonymous_17)
FNDA:0,(anonymous_18)
FNDA:0,(anonymous_19)
DA:2,4
DA:3,4
DA:4,4
DA:6,4
DA:8,4
DA:10,4
DA:11,0
DA:12,0
DA:17,0
DA:18,0
DA:19,0
DA:20,0
DA:21,0
DA:22,0
DA:29,0
DA:35,0
DA:40,0
DA:41,0
DA:42,0
DA:44,0
DA:45,0
DA:47,0
DA:49,0
DA:50,0
DA:59,0
DA:63,4
DA:64,0
DA:65,0
DA:66,0
DA:67,0
DA:69,0
DA:70,0
DA:73,0
DA:74,0
DA:75,0
DA:76,0
DA:79,0
DA:82,0
DA:83,0
DA:84,0
DA:85,0
DA:91,0
DA:93,0
DA:97,4
DA:98,0
DA:99,0
DA:101,0
DA:102,0
DA:105,0
DA:106,0
DA:107,0
DA:108,0
DA:111,0
DA:112,0
DA:113,0
DA:114,0
DA:118,0
DA:124,0
DA:129,0
DA:130,0
DA:131,0
DA:133,0
DA:134,0
DA:136,0
DA:138,0
DA:139,0
DA:147,0
DA:151,4
DA:152,0
DA:153,0
DA:154,0
DA:156,0
DA:159,0
DA:160,0
DA:161,0
DA:162,0
DA:165,0
DA:166,0
DA:171,0
DA:176,0
DA:182,0
DA:183,0
DA:186,0
DA:191,0
DA:192,0
DA:198,4
DA:199,0
DA:200,0
DA:201,0
DA:202,0
DA:205,0
DA:206,0
DA:208,0
DA:209,0
DA:211,0
DA:216,0
DA:218,0
DA:221,0
DA:222,0
DA:226,4
LF:100
LH:11
BRDA:18,0,0,0
BRDA:18,0,1,0
BRDA:18,1,0,0
BRDA:18,1,1,0
BRDA:19,2,0,0
BRDA:21,3,0,0
BRDA:25,4,0,0
BRDA:25,4,1,0
BRDA:25,5,0,0
BRDA:25,5,1,0
BRDA:26,6,0,0
BRDA:26,6,1,0
BRDA:26,7,0,0
BRDA:26,7,1,0
BRDA:44,8,0,0
BRDA:44,8,1,0
BRDA:69,9,0,0
BRDA:69,10,0,0
BRDA:69,10,1,0
BRDA:69,10,2,0
BRDA:75,11,0,0
BRDA:101,12,0,0
BRDA:101,13,0,0
BRDA:101,13,1,0
BRDA:107,14,0,0
BRDA:111,15,0,0
BRDA:113,16,0,0
BRDA:133,17,0,0
BRDA:133,17,1,0
BRDA:153,18,0,0
BRDA:153,18,1,0
BRDA:154,19,0,0
BRDA:160,20,0,0
BRDA:182,21,0,0
BRDA:200,22,0,0
BRDA:200,22,1,0
BRDA:201,23,0,0
BRDA:208,24,0,0
BRDA:208,24,1,0
BRDA:208,25,0,0
BRDA:208,25,1,0
BRF:41
BRH:0
end_of_record
TN:
SF:src\controllers\trips_controller.ts
FN:13,(anonymous_8)
FN:13,(anonymous_9)
FN:24,(anonymous_10)
FN:24,(anonymous_11)
FN:36,(anonymous_12)
FN:36,(anonymous_13)
FN:46,(anonymous_14)
FN:46,(anonymous_15)
FN:65,(anonymous_16)
FN:65,(anonymous_17)
FN:88,(anonymous_18)
FN:88,(anonymous_19)
FN:108,(anonymous_20)
FN:108,(anonymous_21)
FN:140,(anonymous_22)
FN:140,(anonymous_23)
FN:152,(anonymous_24)
FN:164,(anonymous_25)
FN:164,(anonymous_26)
FN:175,(anonymous_27)
FN:181,(anonymous_28)
FNF:21
FNH:0
FNDA:0,(anonymous_8)
FNDA:0,(anonymous_9)
FNDA:0,(anonymous_10)
FNDA:0,(anonymous_11)
FNDA:0,(anonymous_12)
FNDA:0,(anonymous_13)
FNDA:0,(anonymous_14)
FNDA:0,(anonymous_15)
FNDA:0,(anonymous_16)
FNDA:0,(anonymous_17)
FNDA:0,(anonymous_18)
FNDA:0,(anonymous_19)
FNDA:0,(anonymous_20)
FNDA:0,(anonymous_21)
FNDA:0,(anonymous_22)
FNDA:0,(anonymous_23)
FNDA:0,(anonymous_24)
FNDA:0,(anonymous_25)
FNDA:0,(anonymous_26)
FNDA:0,(anonymous_27)
FNDA:0,(anonymous_28)
DA:1,4
DA:13,4
DA:14,0
DA:15,0
DA:16,0
DA:17,0
DA:19,0
DA:20,0
DA:24,4
DA:25,0
DA:26,0
DA:27,0
DA:28,0
DA:29,0
DA:31,0
DA:32,0
DA:36,4
DA:37,0
DA:38,0
DA:39,0
DA:41,0
DA:42,0
DA:46,4
DA:47,0
DA:48,0
DA:51,0
DA:53,0
DA:55,0
DA:56,0
DA:58,0
DA:60,0
DA:61,0
DA:65,4
DA:66,0
DA:67,0
DA:68,0
DA:70,0
DA:71,0
DA:72,0
DA:73,0
DA:78,0
DA:82,0
DA:84,0
DA:88,4
DA:89,0
DA:90,0
DA:91,0
DA:93,0
DA:95,0
DA:96,0
DA:101,0
DA:102,0
DA:104,0
DA:108,4
DA:109,0
DA:110,0
DA:111,0
DA:112,0
DA:113,0
DA:116,0
DA:117,0
DA:119,0
DA:120,0
DA:121,0
DA:124,0
DA:130,0
DA:132,0
DA:134,0
DA:136,0
DA:140,4
DA:141,0
DA:142,0
DA:143,0
DA:144,0
DA:146,0
DA:147,0
DA:148,0
DA:150,0
DA:151,0
DA:152,0
DA:154,0
DA:155,0
DA:156,0
DA:158,0
DA:160,0
DA:164,4
DA:165,0
DA:166,0
DA:167,0
DA:168,0
DA:170,0
DA:171,0
DA:172,0
DA:175,0
DA:176,0
DA:177,0
DA:178,0
DA:179,0
DA:181,0
DA:182,0
DA:183,0
DA:184,0
DA:186,0
DA:190,4
LF:104
LH:11
BRDA:28,0,0,0
BRDA:72,1,0,0
BRDA:95,2,0,0
BRDA:112,3,0,0
BRDA:120,4,0,0
BRDA:147,5,0,0
BRDA:171,6,0,0
BRDA:175,7,0,0
BRF:8
BRH:0
end_of_record
TN:
SF:src\controllers\user_controller.ts
FN:13,(anonymous_8)
FN:13,(anonymous_9)
FNF:2
FNH:0
FNDA:0,(anonymous_8)
FNDA:0,(anonymous_9)
DA:1,4
DA:2,4
DA:13,4
DA:14,0
DA:15,0
DA:16,0
DA:17,0
DA:18,0
DA:19,0
DA:24,0
DA:28,0
DA:30,0
DA:40,0
DA:42,0
DA:46,4
LF:15
LH:4
BRDA:18,0,0,0
BRDA:28,1,0,0
BRF:2
BRH:0
end_of_record
TN:
SF:src\models\trips_model.ts
FNF:0
FNH:0
DA:1,4
DA:30,4
DA:92,4
LF:3
LH:3
BRF:0
BRH:0
end_of_record
TN:
SF:src\models\users_model.ts
FNF:0
FNH:0
DA:1,4
DA:13,4
DA:40,4
LF:3
LH:3
BRF:0
BRH:0
end_of_record
TN:
SF:src\routes\auth_route.ts
FNF:0
FNH:0
DA:1,4
DA:2,4
DA:3,4
DA:83,4
DA:126,4
DA:193,4
DA:222,4
DA:271,4
DA:273,4
LF:9
LH:9
BRF:0
BRH:0
end_of_record
TN:
SF:src\routes\file_route.ts
FN:8,(anonymous_1)
FN:11,(anonymous_2)
FN:59,(anonymous_3)
FNF:3
FNH:3
FNDA:1,(anonymous_1)
FNDA:1,(anonymous_2)
FNDA:1,(anonymous_3)
DA:1,4
DA:2,4
DA:3,4
DA:5,4
DA:7,4
DA:9,1
DA:12,1
DA:13,1
DA:14,1
DA:18,1
DA:23,4
DA:59,4
DA:60,1
DA:61,1
DA:62,1
DA:65,4
LF:16
LH:16
BRF:0
BRH:0
end_of_record
TN:
SF:src\routes\trips_route.ts
FNF:0
FNH:0
DA:1,4
DA:2,4
DA:3,4
DA:4,4
DA:26,4
DA:60,4
DA:92,4
DA:163,4
DA:204,4
DA:233,4
DA:280,4
DA:317,4
DA:359,4
DA:361,4
LF:14
LH:14
BRF:0
BRH:0
end_of_record
TN:
SF:src\routes\user_route.ts
FNF:0
FNH:0
DA:1,4
DA:2,4
DA:3,4
DA:4,4
DA:62,4
DA:64,4
LF:6
LH:6
BRF:0
BRH:0
end_of_record
