TN:
SF:src\app.ts
FN:21,(anonymous_1)
FN:22,(anonymous_2)
FNF:2
FNH:1
FNDA:0,(anonymous_1)
FNDA:1,(anonymous_2)
DA:1,1
DA:2,1
DA:3,1
DA:4,1
DA:5,1
DA:6,1
DA:7,1
DA:8,1
DA:9,1
DA:10,1
DA:11,1
DA:14,1
DA:19,1
DA:20,1
DA:21,1
DA:22,1
DA:23,1
DA:28,1
DA:29,1
DA:30,1
DA:31,1
DA:32,1
DA:33,1
DA:34,1
LF:24
LH:24
BRDA:14,0,0,1
BRDA:14,0,1,0
BRDA:24,1,0,1
BRDA:24,1,1,0
BRF:4
BRH:2
end_of_record
TN:
SF:src\common\auth_middleware.ts
FN:8,(anonymous_1)
FNF:1
FNH:1
FNDA:19,(anonymous_1)
DA:1,1
DA:8,1
DA:13,19
DA:14,19
DA:16,19
DA:17,0
DA:20,19
DA:21,19
DA:22,18
DA:23,18
DA:25,1
DA:28,1
LF:12
LH:11
BRDA:14,0,0,19
BRDA:14,0,1,19
BRDA:16,1,0,0
BRF:3
BRH:2
end_of_record
TN:
SF:src\controllers\auth_controller.ts
FN:7,(anonymous_8)
FN:7,(anonymous_9)
FN:42,(anonymous_10)
FN:42,(anonymous_11)
FN:97,(anonymous_12)
FN:97,(anonymous_13)
FN:104,(anonymous_14)
FN:104,(anonymous_15)
FN:125,(anonymous_16)
FN:139,(anonymous_17)
FN:139,(anonymous_18)
FN:146,(anonymous_19)
FN:146,(anonymous_20)
FN:157,(anonymous_21)
FNF:14
FNH:4
FNDA:2,(anonymous_8)
FNDA:2,(anonymous_9)
FNDA:1,(anonymous_10)
FNDA:1,(anonymous_11)
FNDA:0,(anonymous_12)
FNDA:0,(anonymous_13)
FNDA:0,(anonymous_14)
FNDA:0,(anonymous_15)
FNDA:0,(anonymous_16)
FNDA:0,(anonymous_17)
FNDA:0,(anonymous_18)
FNDA:0,(anonymous_19)
FNDA:0,(anonymous_20)
FNDA:0,(anonymous_21)
DA:2,1
DA:3,1
DA:4,1
DA:7,2
DA:8,2
DA:9,2
DA:10,2
DA:11,2
DA:12,2
DA:14,2
DA:15,0
DA:18,2
DA:19,2
DA:20,2
DA:21,1
DA:24,0
DA:27,1
DA:28,1
DA:29,1
DA:30,1
DA:36,1
DA:38,0
DA:42,1
DA:43,1
DA:44,1
DA:45,1
DA:47,1
DA:48,0
DA:51,1
DA:52,1
DA:53,1
DA:54,0
DA:57,1
DA:58,1
DA:59,0
DA:64,1
DA:71,1
DA:76,1
DA:77,1
DA:80,1
DA:81,0
DA:83,1
DA:85,1
DA:86,1
DA:93,0
DA:97,1
DA:98,0
DA:99,0
DA:100,0
DA:101,0
DA:104,0
DA:105,0
DA:106,0
DA:107,0
DA:109,0
DA:110,0
DA:111,0
DA:112,0
DA:113,0
DA:114,0
DA:116,0
DA:121,0
DA:125,0
DA:126,0
DA:127,0
DA:128,0
DA:133,0
DA:139,1
DA:140,0
DA:141,0
DA:142,0
DA:143,0
DA:146,0
DA:147,0
DA:149,0
DA:150,0
DA:151,0
DA:152,0
DA:153,0
DA:155,0
DA:157,0
DA:158,0
DA:159,0
DA:162,0
DA:167,1
LF:85
LH:40
BRDA:14,0,0,0
BRDA:14,1,0,2
BRDA:14,1,1,2
BRDA:14,1,2,2
BRDA:20,2,0,1
BRDA:47,3,0,0
BRDA:47,4,0,1
BRDA:47,4,1,1
BRDA:53,5,0,0
BRDA:58,6,0,0
BRDA:80,7,0,0
BRDA:80,7,1,1
BRDA:99,8,0,0
BRDA:99,8,1,0
BRDA:100,9,0,0
BRDA:105,10,0,0
BRDA:111,11,0,0
BRDA:111,12,0,0
BRDA:111,12,1,0
BRDA:141,13,0,0
BRDA:141,13,1,0
BRDA:142,14,0,0
BRDA:147,15,0,0
BRDA:151,16,0,0
BRDA:151,16,1,0
BRDA:151,17,0,0
BRDA:151,17,1,0
BRF:27
BRH:7
end_of_record
TN:
SF:src\controllers\trips_controller.ts
FN:15,(anonymous_8)
FN:15,(anonymous_9)
FN:26,(anonymous_10)
FN:26,(anonymous_11)
FN:37,(anonymous_12)
FN:37,(anonymous_13)
FN:56,(anonymous_14)
FN:56,(anonymous_15)
FN:79,(anonymous_16)
FN:79,(anonymous_17)
FN:100,(anonymous_18)
FN:100,(anonymous_19)
FN:132,(anonymous_20)
FN:132,(anonymous_21)
FN:143,(anonymous_22)
FN:155,(anonymous_23)
FN:155,(anonymous_24)
FN:166,(anonymous_25)
FNF:18
FNH:16
FNDA:12,(anonymous_8)
FNDA:12,(anonymous_9)
FNDA:0,(anonymous_10)
FNDA:0,(anonymous_11)
FNDA:2,(anonymous_12)
FNDA:2,(anonymous_13)
FNDA:3,(anonymous_14)
FNDA:3,(anonymous_15)
FNDA:3,(anonymous_16)
FNDA:3,(anonymous_17)
FNDA:3,(anonymous_18)
FNDA:3,(anonymous_19)
FNDA:4,(anonymous_20)
FNDA:4,(anonymous_21)
FNDA:1,(anonymous_22)
FNDA:3,(anonymous_23)
FNDA:3,(anonymous_24)
FNDA:1,(anonymous_25)
DA:1,1
DA:15,12
DA:16,12
DA:17,12
DA:18,12
DA:19,12
DA:21,0
DA:22,0
DA:26,1
DA:27,0
DA:28,0
DA:29,0
DA:30,0
DA:32,0
DA:33,0
DA:37,2
DA:38,2
DA:39,2
DA:40,2
DA:41,2
DA:42,2
DA:43,2
DA:44,2
DA:46,2
DA:47,2
DA:48,2
DA:49,2
DA:51,0
DA:52,0
DA:56,3
DA:57,3
DA:58,3
DA:59,3
DA:61,3
DA:62,3
DA:63,2
DA:64,1
DA:69,1
DA:73,1
DA:75,1
DA:79,3
DA:80,3
DA:81,3
DA:82,3
DA:85,3
DA:87,2
DA:88,1
DA:93,1
DA:94,1
DA:96,1
DA:100,3
DA:101,3
DA:103,3
DA:105,3
DA:106,0
DA:108,3
DA:109,3
DA:112,3
DA:113,2
DA:114,1
DA:118,1
DA:119,1
DA:122,1
DA:125,1
DA:128,1
DA:132,4
DA:133,4
DA:134,4
DA:135,4
DA:136,4
DA:138,4
DA:139,3
DA:140,1
DA:143,2
DA:144,1
DA:145,1
DA:146,1
DA:147,1
DA:149,1
DA:151,1
DA:155,3
DA:156,3
DA:157,3
DA:158,3
DA:159,3
DA:161,3
DA:162,2
DA:163,1
DA:166,1
DA:167,1
DA:168,1
DA:170,1
DA:172,1
DA:176,1
LF:94
LH:83
BRDA:63,0,0,1
BRDA:87,1,0,1
BRDA:105,2,0,0
BRDA:113,3,0,1
BRDA:139,4,0,1
BRDA:143,5,0,1
BRDA:162,6,0,1
BRF:7
BRH:6
end_of_record
TN:
SF:src\models\trips_model.ts
FNF:0
FNH:0
DA:1,1
DA:27,1
DA:85,1
LF:3
LH:3
BRF:0
BRH:0
end_of_record
TN:
SF:src\models\users_model.ts
FNF:0
FNH:0
DA:1,1
DA:12,1
DA:34,1
LF:3
LH:3
BRF:0
BRH:0
end_of_record
TN:
SF:src\routes\auth_route.ts
FNF:0
FNH:0
DA:1,1
DA:2,1
DA:3,1
DA:5,1
DA:7,1
DA:9,1
DA:11,1
DA:13,1
LF:8
LH:8
BRF:0
BRH:0
end_of_record
TN:
SF:src\routes\file_route.ts
FN:9,(anonymous_1)
FN:12,(anonymous_2)
FN:26,(anonymous_3)
FNF:3
FNH:0
FNDA:0,(anonymous_1)
FNDA:0,(anonymous_2)
FNDA:0,(anonymous_3)
DA:1,1
DA:2,1
DA:3,1
DA:6,1
DA:8,1
DA:10,0
DA:13,0
DA:14,0
DA:15,0
DA:19,0
DA:23,1
DA:26,1
DA:28,0
DA:31,0
DA:34,0
DA:37,1
LF:16
LH:8
BRF:0
BRH:0
end_of_record
TN:
SF:src\routes\trips_route.ts
FNF:0
FNH:0
DA:1,1
DA:2,1
DA:3,1
DA:4,1
DA:6,1
DA:12,1
DA:13,1
DA:14,1
DA:21,1
DA:28,1
DA:35,1
DA:41,1
LF:12
LH:12
BRF:0
BRH:0
end_of_record
